Using pre-set license
Built from '2022.3/staging' branch; Version is '2022.3.9f1 (ea401c316338) revision 15351836'; Using compiler version '192829333'; Build Type 'Release'
OS: 'Windows 11  (10.0.22621) 64bit Core' Language: 'en' Physical Memory: 7834 MB
BatchMode: 1, IsHumanControllingUs: 0, StartBugReporterOnCrash: 0, Is64bit: 1, IsPro: 1

COMMAND LINE ARGUMENTS:
C:\Program Files\Unity\Hub\Editor\2022.3.9f1\Editor\Unity.exe
-adb2
-batchMode
-noUpm
-name
AssetImportWorker20
-projectPath
C:/Users/kylem/OneDrive/Documents/GitHub/ca-kyleMcG2000-1/Create with VR/VR Room - Kyle
-logFile
Logs/AssetImportWorker20.log
-srvPort
50712
Successfully changed project path to: C:/Users/kylem/OneDrive/Documents/GitHub/ca-kyleMcG2000-1/Create with VR/VR Room - Kyle
C:/Users/kylem/OneDrive/Documents/GitHub/ca-kyleMcG2000-1/Create with VR/VR Room - Kyle
[UnityMemory] Configuration Parameters - Can be set up in boot.config
    "memorysetup-bucket-allocator-granularity=16"
    "memorysetup-bucket-allocator-bucket-count=8"
    "memorysetup-bucket-allocator-block-size=33554432"
    "memorysetup-bucket-allocator-block-count=8"
    "memorysetup-main-allocator-block-size=16777216"
    "memorysetup-thread-allocator-block-size=16777216"
    "memorysetup-gfx-main-allocator-block-size=16777216"
    "memorysetup-gfx-thread-allocator-block-size=16777216"
    "memorysetup-cache-allocator-block-size=4194304"
    "memorysetup-typetree-allocator-block-size=2097152"
    "memorysetup-profiler-bucket-allocator-granularity=16"
    "memorysetup-profiler-bucket-allocator-bucket-count=8"
    "memorysetup-profiler-bucket-allocator-block-size=33554432"
    "memorysetup-profiler-bucket-allocator-block-count=8"
    "memorysetup-profiler-allocator-block-size=16777216"
    "memorysetup-profiler-editor-allocator-block-size=1048576"
    "memorysetup-temp-allocator-size-main=16777216"
    "memorysetup-job-temp-allocator-block-size=2097152"
    "memorysetup-job-temp-allocator-block-size-background=1048576"
    "memorysetup-job-temp-allocator-reduction-small-platforms=262144"
    "memorysetup-allocator-temp-initial-block-size-main=262144"
    "memorysetup-allocator-temp-initial-block-size-worker=262144"
    "memorysetup-temp-allocator-size-background-worker=32768"
    "memorysetup-temp-allocator-size-job-worker=262144"
    "memorysetup-temp-allocator-size-preload-manager=33554432"
    "memorysetup-temp-allocator-size-nav-mesh-worker=65536"
    "memorysetup-temp-allocator-size-audio-worker=65536"
    "memorysetup-temp-allocator-size-cloud-worker=32768"
    "memorysetup-temp-allocator-size-gi-baking-worker=262144"
    "memorysetup-temp-allocator-size-gfx=262144"
Player connection [1768] Host "[IP] 169.254.140.245 [Port] 0 [Flags] 2 [Guid] 1652823622 [EditorId] 1652823622 [Version] 1048832 [Id] WindowsEditor(7,LAPTOP-L9I1TBSH) [Debug] 1 [PackageName] WindowsEditor [ProjectName] Editor" joined multi-casting on [225.0.0.222:54997]...

Player connection [1768] Host "[IP] 169.254.140.245 [Port] 0 [Flags] 2 [Guid] 1652823622 [EditorId] 1652823622 [Version] 1048832 [Id] WindowsEditor(7,LAPTOP-L9I1TBSH) [Debug] 1 [PackageName] WindowsEditor [ProjectName] Editor" joined alternative multi-casting on [225.0.0.222:34997]...

[Physics::Module] Initialized MultithreadedJobDispatcher with 7 workers.
Refreshing native plugins compatible for Editor in 83.67 ms, found 12 plugins.
Preloading 1 native plugins for Editor in 1.92 ms.
Initialize engine version: 2022.3.9f1 (ea401c316338)
[Subsystems] Discovering subsystems at path C:/Program Files/Unity/Hub/Editor/2022.3.9f1/Editor/Data/Resources/UnitySubsystems
[Subsystems] Discovering subsystems at path C:/Users/kylem/OneDrive/Documents/GitHub/ca-kyleMcG2000-1/Create with VR/VR Room - Kyle/Assets
GfxDevice: creating device client; threaded=0; jobified=0
Direct3D:
    Version:  Direct3D 11.0 [level 11.1]
    Renderer: Intel(R) Iris(R) Xe Graphics (ID=0x9a49)
    Vendor:   Intel
    VRAM:     3917 MB
    Driver:   31.0.101.4032
Initialize mono
Mono path[0] = 'C:/Program Files/Unity/Hub/Editor/2022.3.9f1/Editor/Data/Managed'
Mono path[1] = 'C:/Program Files/Unity/Hub/Editor/2022.3.9f1/Editor/Data/MonoBleedingEdge/lib/mono/unityjit-win32'
Mono config path = 'C:/Program Files/Unity/Hub/Editor/2022.3.9f1/Editor/Data/MonoBleedingEdge/etc'
Using monoOptions --debugger-agent=transport=dt_socket,embedding=1,server=y,suspend=n,address=127.0.0.1:56452
Begin MonoManager ReloadAssembly
Registering precompiled unity dll's ...
Register platform support module: C:/Program Files/Unity/Hub/Editor/2022.3.9f1/Editor/Data/PlaybackEngines/WindowsStandaloneSupport/UnityEditor.WindowsStandalone.Extensions.dll
Registered in 0.139166 seconds.
- Loaded All Assemblies, in  5.349 seconds
Native extension for WindowsStandalone target not found
Mono: successfully reloaded assembly
- Finished resetting the current domain, in  0.362 seconds
Domain Reload Profiling: 5708ms
	BeginReloadAssembly (4882ms)
		ExecutionOrderSort (0ms)
		DisableScriptedObjects (0ms)
		BackupInstance (0ms)
		ReleaseScriptingObjects (0ms)
		CreateAndSetChildDomain (2ms)
	RebuildCommonClasses (39ms)
	RebuildNativeTypeToScriptingClass (18ms)
	initialDomainReloadingComplete (215ms)
	LoadAllAssembliesAndSetupDomain (192ms)
		LoadAssemblies (4872ms)
		RebuildTransferFunctionScriptingTraits (0ms)
		AnalyzeDomain (189ms)
			TypeCache.Refresh (187ms)
				TypeCache.ScanAssembly (170ms)
			ScanForSourceGeneratedMonoScriptInfo (1ms)
			ResolveRequiredComponents (1ms)
	FinalizeReload (362ms)
		ReleaseScriptCaches (0ms)
		RebuildScriptCaches (0ms)
		SetupLoadedEditorAssemblies (274ms)
			LogAssemblyErrors (0ms)
			InitializePlatformSupportModulesInManaged (14ms)
			SetLoadedEditorAssemblies (9ms)
			RefreshPlugins (0ms)
			BeforeProcessingInitializeOnLoad (3ms)
			ProcessInitializeOnLoadAttributes (185ms)
			ProcessInitializeOnLoadMethodAttributes (63ms)
			AfterProcessingInitializeOnLoad (0ms)
			EditorAssembliesLoaded (0ms)
		ExecutionOrderSort2 (0ms)
		AwakeInstancesAfterBackupRestoration (0ms)
========================================================================
Worker process is ready to serve import requests
Begin MonoManager ReloadAssembly
- Loaded All Assemblies, in  1.352 seconds
Refreshing native plugins compatible for Editor in 24.89 ms, found 12 plugins.
Native extension for WindowsStandalone target not found
Package Manager log level set to [2]
[Package Manager] Server::EnsureServerProcessIsRunning -- launch failed, reason: Unity was launched with the -noUpm command-line argument
[Package Manager] UpmClient::Send -- Unable to send message (not connected to UPM process).
[Package Manager] Cannot connect to Unity Package Manager local server
[Package Manager] Server::EnsureServerProcessIsRunning -- launch failed, reason: Unity was launched with the -noUpm command-line argument
[Package Manager] UpmClient::Send -- Unable to send message (not connected to UPM process).
[Package Manager] Cannot connect to Unity Package Manager local server
System.Reflection.TargetInvocationException: Exception has been thrown by the target of an invocation. ---> System.NullReferenceException: Object reference not set to an instance of an object
  at Unity.XR.Oculus.OculusLoader.AssetPathToAbsolutePath (System.String assetPath) [0x0003d] in .\Library\PackageCache\com.unity.xr.oculus@4.0.0\Runtime\OculusLoader.cs:282 
  at Unity.XR.Oculus.OculusLoader.EditorLoadOVRPlugin () [0x0007b] in .\Library\PackageCache\com.unity.xr.oculus@4.0.0\Runtime\OculusLoader.cs:267 
  at (wrapper managed-to-native) System.Reflection.RuntimeMethodInfo.InternalInvoke(System.Reflection.RuntimeMethodInfo,object,object[],System.Exception&)
  at System.Reflection.RuntimeMethodInfo.Invoke (System.Object obj, System.Reflection.BindingFlags invokeAttr, System.Reflection.Binder binder, System.Object[] parameters, System.Globalization.CultureInfo culture) [0x0006a] in <787acc3c9a4c471ba7d971300105af24>:0 
   --- End of inner exception stack trace ---
  at System.Reflection.RuntimeMethodInfo.Invoke (System.Object obj, System.Reflection.BindingFlags invokeAttr, System.Reflection.Binder binder, System.Object[] parameters, System.Globalization.CultureInfo culture) [0x00083] in <787acc3c9a4c471ba7d971300105af24>:0 
  at System.Reflection.MethodBase.Invoke (System.Object obj, System.Object[] parameters) [0x00000] in <787acc3c9a4c471ba7d971300105af24>:0 
  at UnityEditor.EditorAssemblies.ProcessInitializeOnLoadMethodAttributes () [0x000a5] in <2e279d988b9d4542841de511fbfdf8c2>:0 
UnityEngine.StackTraceUtility:ExtractStackTrace ()
UnityEngine.DebugLogHandler:LogFormat (UnityEngine.LogType,UnityEngine.Object,string,object[])
UnityEngine.Logger:Log (UnityEngine.LogType,object)
UnityEngine.Debug:LogError (object)
UnityEditor.EditorAssemblies:ProcessInitializeOnLoadMethodAttributes ()

Mono: successfully reloaded assembly
[Package Manager] Server::EnsureServerProcessIsRunning -- launch failed, reason: Unity was launched with the -noUpm command-line argument
[Package Manager] UpmClient::Send -- Unable to send message (not connected to UPM process).
[Package Manager] Cannot connect to Unity Package Manager local server
[Package Manager] Server::EnsureServerProcessIsRunning -- launch failed, reason: Unity was launched with the -noUpm command-line argument
[Package Manager] UpmClient::Send -- Unable to send message (not connected to UPM process).
[Package Manager] Cannot connect to Unity Package Manager local server
- Finished resetting the current domain, in  1.487 seconds
Domain Reload Profiling: 2829ms
	BeginReloadAssembly (239ms)
		ExecutionOrderSort (0ms)
		DisableScriptedObjects (11ms)
		BackupInstance (0ms)
		ReleaseScriptingObjects (0ms)
		CreateAndSetChildDomain (31ms)
	RebuildCommonClasses (55ms)
	RebuildNativeTypeToScriptingClass (20ms)
	initialDomainReloadingComplete (76ms)
	LoadAllAssembliesAndSetupDomain (951ms)
		LoadAssemblies (678ms)
		RebuildTransferFunctionScriptingTraits (0ms)
		AnalyzeDomain (408ms)
			TypeCache.Refresh (343ms)
				TypeCache.ScanAssembly (314ms)
			ScanForSourceGeneratedMonoScriptInfo (48ms)
			ResolveRequiredComponents (15ms)
	FinalizeReload (1488ms)
		ReleaseScriptCaches (0ms)
		RebuildScriptCaches (0ms)
		SetupLoadedEditorAssemblies (1151ms)
			LogAssemblyErrors (0ms)
			InitializePlatformSupportModulesInManaged (9ms)
			SetLoadedEditorAssemblies (6ms)
			RefreshPlugins (0ms)
			BeforeProcessingInitializeOnLoad (142ms)
			ProcessInitializeOnLoadAttributes (738ms)
			ProcessInitializeOnLoadMethodAttributes (236ms)
			AfterProcessingInitializeOnLoad (20ms)
			EditorAssembliesLoaded (0ms)
		ExecutionOrderSort2 (0ms)
		AwakeInstancesAfterBackupRestoration (10ms)
Launched and connected shader compiler UnityShaderCompiler.exe after 0.07 seconds
Refreshing native plugins compatible for Editor in 27.96 ms, found 12 plugins.
Preloading 1 native plugins for Editor in 0.17 ms.
Unloading 6132 Unused Serialized files (Serialized files now loaded: 0)
Unloading 105 unused Assets / (364.8 KB). Loaded Objects now: 6597.
Memory consumption went from 221.0 MB to 220.7 MB.
Total: 8.539800 ms (FindLiveObjects: 0.933400 ms CreateObjectMapping: 0.560000 ms MarkObjects: 6.053300 ms  DeleteObjects: 0.990900 ms)

AssetImportParameters requested are different than current active one (requested -> active):
  custom:container-demuxer-ogg: 62fdf1f143b41e24485cea50d1cbac27 -> 
  custom:video-decoder-ogg-theora: a1e56fd34408186e4bbccfd4996cb3dc -> 
  custom:framework-win-MediaFoundation: 216162199b28c13a410421893ffa2e32 -> 
  custom:CustomObjectIndexerAttribute: a3ef5dd2817f97addfee359851a9dba5 -> 
  custom:container-demuxer-webm: 4f35f7cbe854078d1ac9338744f61a02 -> 
  custom:container-muxer-webm: aa71ff27fc2769a1b78a27578f13a17b -> 
  custom:video-decoder-webm-vp8: 9c59270c3fd7afecdb556c50c9e8de78 -> 
  custom:scripting/monoscript/fileName/customRotation.cs: 47d50dabbcec11633adcca8dafd92bf4 -> 1acfd0deb8b3948e67897cc5b0839e4a
  custom:SearchIndexIgnoredProperties: e643bd26f0fe6173181afceb89e7c659 -> 
  custom:scripting/monoscript/fileName/continous_turn.cs: e510914b004bb5a01cd6b5c79fff16bf -> ce6b74f9ef68fcd0c7d34b27b9ca34a1
  custom:AudioImporter_EditorPlatform: d09bf68614088b80899f8185d706f6e7 -> 
  custom:video-encoder-webm-vp8: eb34c28f22e8b96e1ab97ce403110664 -> 
  custom:audio-decoder-ogg-vorbis: bf7c407c2cedff20999df2af8eb42d56 -> 
  custom:scripting/monoscript/fileName/clock_tick.cs: 59ee0e4aab73864738c812734f62f693 -> 8767b7664d185e4649921d4656ddee49
  custom:audio-encoder-webm-vorbis: bf7c407c2cedff20999df2af8eb42d56 -> 
========================================================================
Received Import Request.
  Time since last request: 4435.237978 seconds.
  path: Assets/_Course Library/Source Files/Models/Fan_A_1.fbx
  artifactKey: Guid(748c068008049a445b43e59d1fcb1485) Importer(815301076,1909f56bfc062723c751e8b465ee728b)
Start importing Assets/_Course Library/Source Files/Models/Fan_A_1.fbx using Guid(748c068008049a445b43e59d1fcb1485) Importer(815301076,1909f56bfc062723c751e8b465ee728b)  -> (artifact id: 'ce3c7447396359d056245926a4513442') in 1.748216 seconds
Number of updated asset objects reloaded before import = 0
Number of asset objects unloaded after import = 27
========================================================================
Received Import Request.
  Time since last request: 0.000072 seconds.
  path: Packages/com.unity.render-pipelines.universal/Shaders/AutodeskInteractive/AutodeskInteractive.shadergraph
  artifactKey: Guid(0e9d5a909a1f7e84882a534d0d11e49f) Importer(815301076,1909f56bfc062723c751e8b465ee728b)
Start importing Packages/com.unity.render-pipelines.universal/Shaders/AutodeskInteractive/AutodeskInteractive.shadergraph using Guid(0e9d5a909a1f7e84882a534d0d11e49f) Importer(815301076,1909f56bfc062723c751e8b465ee728b)  -> (artifact id: '063a9a309aab70441298cb43ea3f413b') in 2.700975 seconds
Number of updated asset objects reloaded before import = 0
Number of asset objects unloaded after import = 2
========================================================================
Received Import Request.
  Time since last request: 0.000047 seconds.
  path: Assets/Challenges/01_Architecture/Materials/Cement.mat
  artifactKey: Guid(36b509c3d748ea74ba32a9c8ee14b91c) Importer(815301076,1909f56bfc062723c751e8b465ee728b)
Start importing Assets/Challenges/01_Architecture/Materials/Cement.mat using Guid(36b509c3d748ea74ba32a9c8ee14b91c) Importer(815301076,1909f56bfc062723c751e8b465ee728b)  -> (artifact id: '68593341c359a804146b113d02494302') in 0.125901 seconds
Number of updated asset objects reloaded before import = 0
Number of asset objects unloaded after import = 2
========================================================================
Received Import Request.
  Time since last request: 0.000034 seconds.
  path: Assets/Challenges/02_3DPainting/Materials/Blue.mat
  artifactKey: Guid(883b51d7f702a457e914d827f896d06d) Importer(815301076,1909f56bfc062723c751e8b465ee728b)
Start importing Assets/Challenges/02_3DPainting/Materials/Blue.mat using Guid(883b51d7f702a457e914d827f896d06d) Importer(815301076,1909f56bfc062723c751e8b465ee728b)  -> (artifact id: '4a5a1f6ec649fa81fe76890c66a3015d') in 0.097204 seconds
Number of updated asset objects reloaded before import = 0
Number of asset objects unloaded after import = 2
========================================================================
Received Import Request.
  Time since last request: 63.596819 seconds.
  path: Assets/_Course Library/Source Files/Models/Art_Painting_3.fbx
  artifactKey: Guid(2b2238b54f5ddf94f80c61ab243c13c3) Importer(815301076,1909f56bfc062723c751e8b465ee728b)
Start importing Assets/_Course Library/Source Files/Models/Art_Painting_3.fbx using Guid(2b2238b54f5ddf94f80c61ab243c13c3) Importer(815301076,1909f56bfc062723c751e8b465ee728b)  -> (artifact id: 'ac4b9f2908e7194dd21ed3b4bf8eddd9') in 0.067772 seconds
Number of updated asset objects reloaded before import = 0
Number of asset objects unloaded after import = 9
========================================================================
Received Import Request.
  Time since last request: 0.000031 seconds.
  path: Assets/_Course Library/_Prefabs/Art/Art_Painting_Mountain.prefab
  artifactKey: Guid(8b55f4b13da640a458a5a4336c489584) Importer(815301076,1909f56bfc062723c751e8b465ee728b)
Start importing Assets/_Course Library/_Prefabs/Art/Art_Painting_Mountain.prefab using Guid(8b55f4b13da640a458a5a4336c489584) Importer(815301076,1909f56bfc062723c751e8b465ee728b)  -> (artifact id: 'd785fc6aec7ac80931edec27d4c607c5') in 0.114549 seconds
Number of updated asset objects reloaded before import = 0
Number of asset objects unloaded after import = 11
========================================================================
Received Import Request.
  Time since last request: 0.000036 seconds.
  path: Assets/_Course Library/_Prefabs/Objects/Books/Book_B_Blue.prefab
  artifactKey: Guid(35d6eb4069e999c4085fb83c0d486fd2) Importer(815301076,1909f56bfc062723c751e8b465ee728b)
Start importing Assets/_Course Library/_Prefabs/Objects/Books/Book_B_Blue.prefab using Guid(35d6eb4069e999c4085fb83c0d486fd2) Importer(815301076,1909f56bfc062723c751e8b465ee728b)  -> (artifact id: 'ef8bb7afdd0a090eb8bd3faa6dc7d672') in 0.064412 seconds
Number of updated asset objects reloaded before import = 0
Number of asset objects unloaded after import = 11
========================================================================
Received Import Request.
  Time since last request: 0.001132 seconds.
  path: Assets/_Course Library/_Prefabs/Art/Art_Painting_Swan.prefab
  artifactKey: Guid(a3e93e0121486e340ac0796260e744ab) Importer(815301076,1909f56bfc062723c751e8b465ee728b)
Start importing Assets/_Course Library/_Prefabs/Art/Art_Painting_Swan.prefab using Guid(a3e93e0121486e340ac0796260e744ab) Importer(815301076,1909f56bfc062723c751e8b465ee728b)  -> (artifact id: '988caeeff4a1be428042667895dbc4eb') in 0.204363 seconds
Number of updated asset objects reloaded before import = 0
Number of asset objects unloaded after import = 11
========================================================================
Received Import Request.
  Time since last request: 0.000038 seconds.
  path: Assets/_Course Library/Source Files/Models/Ball_Tennis_B.fbx
  artifactKey: Guid(479d30e27e09d5d40ad7bc3e3c719170) Importer(815301076,1909f56bfc062723c751e8b465ee728b)
Start importing Assets/_Course Library/Source Files/Models/Ball_Tennis_B.fbx using Guid(479d30e27e09d5d40ad7bc3e3c719170) Importer(815301076,1909f56bfc062723c751e8b465ee728b)  -> (artifact id: 'c4c579609a87f0877fd1024c084188c1') in 0.309158 seconds
Number of updated asset objects reloaded before import = 0
Number of asset objects unloaded after import = 9
========================================================================
Received Import Request.
  Time since last request: 0.000061 seconds.
  path: Assets/_Course Library/_Prefabs/Bins/Bin_Round_White.prefab
  artifactKey: Guid(f53b75d63a0f12e4f9207b643d400e0c) Importer(815301076,1909f56bfc062723c751e8b465ee728b)
Start importing Assets/_Course Library/_Prefabs/Bins/Bin_Round_White.prefab using Guid(f53b75d63a0f12e4f9207b643d400e0c) Importer(815301076,1909f56bfc062723c751e8b465ee728b)  -> (artifact id: 'c5db08e3860b9da595613433e951b876') in 0.067462 seconds
Number of updated asset objects reloaded before import = 0
Number of asset objects unloaded after import = 37
========================================================================
Received Import Request.
  Time since last request: 0.000034 seconds.
  path: Assets/_Course Library/Source Files/Models/Bin_B_3.fbx
  artifactKey: Guid(9f64811e76fa71149b69f8a24ef0d061) Importer(815301076,1909f56bfc062723c751e8b465ee728b)
Start importing Assets/_Course Library/Source Files/Models/Bin_B_3.fbx using Guid(9f64811e76fa71149b69f8a24ef0d061) Importer(815301076,1909f56bfc062723c751e8b465ee728b)  -> (artifact id: 'dda61026ef11873634ff5687139a0308') in 0.122121 seconds
Number of updated asset objects reloaded before import = 0
Number of asset objects unloaded after import = 9
========================================================================
Received Import Request.
  Time since last request: 0.000035 seconds.
  path: Assets/_Course Library/_Prefabs/Bins/Bin_Square_White.prefab
  artifactKey: Guid(dbe7b9e1570050841a8f1d6f3ee2629f) Importer(815301076,1909f56bfc062723c751e8b465ee728b)
Start importing Assets/_Course Library/_Prefabs/Bins/Bin_Square_White.prefab using Guid(dbe7b9e1570050841a8f1d6f3ee2629f) Importer(815301076,1909f56bfc062723c751e8b465ee728b)  -> (artifact id: '65e9d1d4a70702bbc70fec9f6df969bb') in 0.099190 seconds
Number of updated asset objects reloaded before import = 0
Number of asset objects unloaded after import = 11
Editor requested this worker to shutdown with reason: Scaling down because of idle timeout
TcpMessagingSession - receive error: operation aborted. errorcode: 995, details: The I/O operation has been aborted because of either a thread exit or an application request.
AssetImportWorker is now disconnected from the server
Process exiting
Exiting without the bug reporter. Application will terminate with return code 0