Using pre-set license
Built from '2022.3/staging' branch; Version is '2022.3.9f1 (ea401c316338) revision 15351836'; Using compiler version '192829333'; Build Type 'Release'
OS: 'Windows 11  (10.0.22621) 64bit Core' Language: 'en' Physical Memory: 7834 MB
BatchMode: 1, IsHumanControllingUs: 0, StartBugReporterOnCrash: 0, Is64bit: 1, IsPro: 1

COMMAND LINE ARGUMENTS:
C:\Program Files\Unity\Hub\Editor\2022.3.9f1\Editor\Unity.exe
-adb2
-batchMode
-noUpm
-name
AssetImportWorker4
-projectPath
C:/Users/kylem/OneDrive/Documents/GitHub/ca-kyleMcG2000-1/Create with VR/VR Room - Kyle
-logFile
Logs/AssetImportWorker4.log
-srvPort
50712
Successfully changed project path to: C:/Users/kylem/OneDrive/Documents/GitHub/ca-kyleMcG2000-1/Create with VR/VR Room - Kyle
C:/Users/kylem/OneDrive/Documents/GitHub/ca-kyleMcG2000-1/Create with VR/VR Room - Kyle
[UnityMemory] Configuration Parameters - Can be set up in boot.config
    "memorysetup-bucket-allocator-granularity=16"
    "memorysetup-bucket-allocator-bucket-count=8"
    "memorysetup-bucket-allocator-block-size=33554432"
    "memorysetup-bucket-allocator-block-count=8"
    "memorysetup-main-allocator-block-size=16777216"
    "memorysetup-thread-allocator-block-size=16777216"
    "memorysetup-gfx-main-allocator-block-size=16777216"
    "memorysetup-gfx-thread-allocator-block-size=16777216"
    "memorysetup-cache-allocator-block-size=4194304"
    "memorysetup-typetree-allocator-block-size=2097152"
    "memorysetup-profiler-bucket-allocator-granularity=16"
    "memorysetup-profiler-bucket-allocator-bucket-count=8"
    "memorysetup-profiler-bucket-allocator-block-size=33554432"
    "memorysetup-profiler-bucket-allocator-block-count=8"
    "memorysetup-profiler-allocator-block-size=16777216"
    "memorysetup-profiler-editor-allocator-block-size=1048576"
    "memorysetup-temp-allocator-size-main=16777216"
    "memorysetup-job-temp-allocator-block-size=2097152"
    "memorysetup-job-temp-allocator-block-size-background=1048576"
    "memorysetup-job-temp-allocator-reduction-small-platforms=262144"
    "memorysetup-allocator-temp-initial-block-size-main=262144"
    "memorysetup-allocator-temp-initial-block-size-worker=262144"
    "memorysetup-temp-allocator-size-background-worker=32768"
    "memorysetup-temp-allocator-size-job-worker=262144"
    "memorysetup-temp-allocator-size-preload-manager=33554432"
    "memorysetup-temp-allocator-size-nav-mesh-worker=65536"
    "memorysetup-temp-allocator-size-audio-worker=65536"
    "memorysetup-temp-allocator-size-cloud-worker=32768"
    "memorysetup-temp-allocator-size-gi-baking-worker=262144"
    "memorysetup-temp-allocator-size-gfx=262144"
Player connection [14120] Host "[IP] 169.254.140.245 [Port] 0 [Flags] 2 [Guid] 1779177105 [EditorId] 1779177105 [Version] 1048832 [Id] WindowsEditor(7,LAPTOP-L9I1TBSH) [Debug] 1 [PackageName] WindowsEditor [ProjectName] Editor" joined multi-casting on [225.0.0.222:54997]...

Player connection [14120] Host "[IP] 169.254.140.245 [Port] 0 [Flags] 2 [Guid] 1779177105 [EditorId] 1779177105 [Version] 1048832 [Id] WindowsEditor(7,LAPTOP-L9I1TBSH) [Debug] 1 [PackageName] WindowsEditor [ProjectName] Editor" joined alternative multi-casting on [225.0.0.222:34997]...

[Physics::Module] Initialized MultithreadedJobDispatcher with 7 workers.
Refreshing native plugins compatible for Editor in 96.05 ms, found 12 plugins.
Preloading 1 native plugins for Editor in 3.16 ms.
Initialize engine version: 2022.3.9f1 (ea401c316338)
[Subsystems] Discovering subsystems at path C:/Program Files/Unity/Hub/Editor/2022.3.9f1/Editor/Data/Resources/UnitySubsystems
[Subsystems] Discovering subsystems at path C:/Users/kylem/OneDrive/Documents/GitHub/ca-kyleMcG2000-1/Create with VR/VR Room - Kyle/Assets
GfxDevice: creating device client; threaded=0; jobified=0
Direct3D:
    Version:  Direct3D 11.0 [level 11.1]
    Renderer: Intel(R) Iris(R) Xe Graphics (ID=0x9a49)
    Vendor:   Intel
    VRAM:     3917 MB
    Driver:   31.0.101.4032
Initialize mono
Mono path[0] = 'C:/Program Files/Unity/Hub/Editor/2022.3.9f1/Editor/Data/Managed'
Mono path[1] = 'C:/Program Files/Unity/Hub/Editor/2022.3.9f1/Editor/Data/MonoBleedingEdge/lib/mono/unityjit-win32'
Mono config path = 'C:/Program Files/Unity/Hub/Editor/2022.3.9f1/Editor/Data/MonoBleedingEdge/etc'
Using monoOptions --debugger-agent=transport=dt_socket,embedding=1,server=y,suspend=n,address=127.0.0.1:56920
Begin MonoManager ReloadAssembly
Registering precompiled unity dll's ...
Register platform support module: C:/Program Files/Unity/Hub/Editor/2022.3.9f1/Editor/Data/PlaybackEngines/WindowsStandaloneSupport/UnityEditor.WindowsStandalone.Extensions.dll
Registered in 0.034186 seconds.
- Loaded All Assemblies, in  2.133 seconds
Native extension for WindowsStandalone target not found
Mono: successfully reloaded assembly
- Finished resetting the current domain, in  0.966 seconds
Domain Reload Profiling: 3094ms
	BeginReloadAssembly (1144ms)
		ExecutionOrderSort (0ms)
		DisableScriptedObjects (0ms)
		BackupInstance (0ms)
		ReleaseScriptingObjects (0ms)
		CreateAndSetChildDomain (2ms)
	RebuildCommonClasses (189ms)
	RebuildNativeTypeToScriptingClass (51ms)
	initialDomainReloadingComplete (277ms)
	LoadAllAssembliesAndSetupDomain (467ms)
		LoadAssemblies (1050ms)
		RebuildTransferFunctionScriptingTraits (0ms)
		AnalyzeDomain (462ms)
			TypeCache.Refresh (458ms)
				TypeCache.ScanAssembly (419ms)
			ScanForSourceGeneratedMonoScriptInfo (2ms)
			ResolveRequiredComponents (1ms)
	FinalizeReload (967ms)
		ReleaseScriptCaches (0ms)
		RebuildScriptCaches (0ms)
		SetupLoadedEditorAssemblies (751ms)
			LogAssemblyErrors (0ms)
			InitializePlatformSupportModulesInManaged (40ms)
			SetLoadedEditorAssemblies (20ms)
			RefreshPlugins (0ms)
			BeforeProcessingInitializeOnLoad (21ms)
			ProcessInitializeOnLoadAttributes (539ms)
			ProcessInitializeOnLoadMethodAttributes (132ms)
			AfterProcessingInitializeOnLoad (0ms)
			EditorAssembliesLoaded (0ms)
		ExecutionOrderSort2 (0ms)
		AwakeInstancesAfterBackupRestoration (0ms)
========================================================================
Worker process is ready to serve import requests
Begin MonoManager ReloadAssembly
- Loaded All Assemblies, in  1.920 seconds
Refreshing native plugins compatible for Editor in 27.90 ms, found 12 plugins.
Native extension for WindowsStandalone target not found
Package Manager log level set to [2]
[Package Manager] Server::EnsureServerProcessIsRunning -- launch failed, reason: Unity was launched with the -noUpm command-line argument
[Package Manager] UpmClient::Send -- Unable to send message (not connected to UPM process).
[Package Manager] Cannot connect to Unity Package Manager local server
[Package Manager] Server::EnsureServerProcessIsRunning -- launch failed, reason: Unity was launched with the -noUpm command-line argument
[Package Manager] UpmClient::Send -- Unable to send message (not connected to UPM process).
[Package Manager] Cannot connect to Unity Package Manager local server
System.Reflection.TargetInvocationException: Exception has been thrown by the target of an invocation. ---> System.NullReferenceException: Object reference not set to an instance of an object
  at Unity.XR.Oculus.OculusLoader.AssetPathToAbsolutePath (System.String assetPath) [0x0003d] in .\Library\PackageCache\com.unity.xr.oculus@4.0.0\Runtime\OculusLoader.cs:282 
  at Unity.XR.Oculus.OculusLoader.EditorLoadOVRPlugin () [0x0007b] in .\Library\PackageCache\com.unity.xr.oculus@4.0.0\Runtime\OculusLoader.cs:267 
  at (wrapper managed-to-native) System.Reflection.RuntimeMethodInfo.InternalInvoke(System.Reflection.RuntimeMethodInfo,object,object[],System.Exception&)
  at System.Reflection.RuntimeMethodInfo.Invoke (System.Object obj, System.Reflection.BindingFlags invokeAttr, System.Reflection.Binder binder, System.Object[] parameters, System.Globalization.CultureInfo culture) [0x0006a] in <787acc3c9a4c471ba7d971300105af24>:0 
   --- End of inner exception stack trace ---
  at System.Reflection.RuntimeMethodInfo.Invoke (System.Object obj, System.Reflection.BindingFlags invokeAttr, System.Reflection.Binder binder, System.Object[] parameters, System.Globalization.CultureInfo culture) [0x00083] in <787acc3c9a4c471ba7d971300105af24>:0 
  at System.Reflection.MethodBase.Invoke (System.Object obj, System.Object[] parameters) [0x00000] in <787acc3c9a4c471ba7d971300105af24>:0 
  at UnityEditor.EditorAssemblies.ProcessInitializeOnLoadMethodAttributes () [0x000a5] in <2e279d988b9d4542841de511fbfdf8c2>:0 
UnityEngine.StackTraceUtility:ExtractStackTrace ()
UnityEngine.DebugLogHandler:LogFormat (UnityEngine.LogType,UnityEngine.Object,string,object[])
UnityEngine.Logger:Log (UnityEngine.LogType,object)
UnityEngine.Debug:LogError (object)
UnityEditor.EditorAssemblies:ProcessInitializeOnLoadMethodAttributes ()

Mono: successfully reloaded assembly
[Package Manager] Server::EnsureServerProcessIsRunning -- launch failed, reason: Unity was launched with the -noUpm command-line argument
[Package Manager] UpmClient::Send -- Unable to send message (not connected to UPM process).
[Package Manager] Cannot connect to Unity Package Manager local server
[Package Manager] Server::EnsureServerProcessIsRunning -- launch failed, reason: Unity was launched with the -noUpm command-line argument
[Package Manager] UpmClient::Send -- Unable to send message (not connected to UPM process).
[Package Manager] Cannot connect to Unity Package Manager local server
- Finished resetting the current domain, in  1.623 seconds
Domain Reload Profiling: 3533ms
	BeginReloadAssembly (265ms)
		ExecutionOrderSort (0ms)
		DisableScriptedObjects (8ms)
		BackupInstance (0ms)
		ReleaseScriptingObjects (0ms)
		CreateAndSetChildDomain (36ms)
	RebuildCommonClasses (91ms)
	RebuildNativeTypeToScriptingClass (25ms)
	initialDomainReloadingComplete (102ms)
	LoadAllAssembliesAndSetupDomain (1426ms)
		LoadAssemblies (1138ms)
		RebuildTransferFunctionScriptingTraits (0ms)
		AnalyzeDomain (456ms)
			TypeCache.Refresh (394ms)
				TypeCache.ScanAssembly (349ms)
			ScanForSourceGeneratedMonoScriptInfo (39ms)
			ResolveRequiredComponents (21ms)
	FinalizeReload (1624ms)
		ReleaseScriptCaches (0ms)
		RebuildScriptCaches (0ms)
		SetupLoadedEditorAssemblies (1267ms)
			LogAssemblyErrors (0ms)
			InitializePlatformSupportModulesInManaged (13ms)
			SetLoadedEditorAssemblies (9ms)
			RefreshPlugins (0ms)
			BeforeProcessingInitializeOnLoad (273ms)
			ProcessInitializeOnLoadAttributes (725ms)
			ProcessInitializeOnLoadMethodAttributes (230ms)
			AfterProcessingInitializeOnLoad (16ms)
			EditorAssembliesLoaded (0ms)
		ExecutionOrderSort2 (0ms)
		AwakeInstancesAfterBackupRestoration (7ms)
Launched and connected shader compiler UnityShaderCompiler.exe after 0.08 seconds
Refreshing native plugins compatible for Editor in 59.98 ms, found 12 plugins.
Preloading 1 native plugins for Editor in 0.28 ms.
Unloading 6132 Unused Serialized files (Serialized files now loaded: 0)
Unloading 105 unused Assets / (364.9 KB). Loaded Objects now: 6597.
Memory consumption went from 220.8 MB to 220.4 MB.
Total: 28.822100 ms (FindLiveObjects: 1.594100 ms CreateObjectMapping: 1.272500 ms MarkObjects: 9.294900 ms  DeleteObjects: 16.595300 ms)

AssetImportParameters requested are different than current active one (requested -> active):
  custom:container-demuxer-ogg: 62fdf1f143b41e24485cea50d1cbac27 -> 
  custom:video-decoder-ogg-theora: a1e56fd34408186e4bbccfd4996cb3dc -> 
  custom:framework-win-MediaFoundation: 216162199b28c13a410421893ffa2e32 -> 
  custom:CustomObjectIndexerAttribute: a3ef5dd2817f97addfee359851a9dba5 -> 
  custom:container-demuxer-webm: 4f35f7cbe854078d1ac9338744f61a02 -> 
  custom:container-muxer-webm: aa71ff27fc2769a1b78a27578f13a17b -> 
  custom:video-decoder-webm-vp8: 9c59270c3fd7afecdb556c50c9e8de78 -> 
  custom:SearchIndexIgnoredProperties: e643bd26f0fe6173181afceb89e7c659 -> 
  custom:AudioImporter_EditorPlatform: d09bf68614088b80899f8185d706f6e7 -> 
  custom:video-encoder-webm-vp8: eb34c28f22e8b96e1ab97ce403110664 -> 
  custom:audio-decoder-ogg-vorbis: bf7c407c2cedff20999df2af8eb42d56 -> 
  custom:audio-encoder-webm-vorbis: bf7c407c2cedff20999df2af8eb42d56 -> 
========================================================================
Received Import Request.
  Time since last request: 539.193618 seconds.
  path: Assets/tileLow_graveyard.obj
  artifactKey: Guid(26553390400dcde4c87ae501d1fbdfe3) Importer(815301076,1909f56bfc062723c751e8b465ee728b)
Start importing Assets/tileLow_graveyard.obj using Guid(26553390400dcde4c87ae501d1fbdfe3) Importer(815301076,1909f56bfc062723c751e8b465ee728b)  -> (artifact id: '585480d0dc7e9aa8aeeec9fbbd4ce95c') in 0.896640 seconds
Number of updated asset objects reloaded before import = 0
Number of asset objects unloaded after import = 11
========================================================================
Received Import Request.
  Time since last request: 0.061742 seconds.
  path: Assets/tileLow_graveyard.obj
  artifactKey: Guid(26553390400dcde4c87ae501d1fbdfe3) Importer(815301076,1909f56bfc062723c751e8b465ee728b)
Start importing Assets/tileLow_graveyard.obj using Guid(26553390400dcde4c87ae501d1fbdfe3) Importer(815301076,1909f56bfc062723c751e8b465ee728b)  -> (artifact id: '65aa52a7ce469456268d414cb71c82bf') in 0.151229 seconds
Number of updated asset objects reloaded before import = 0
Number of asset objects unloaded after import = 11
========================================================================
Received Import Request.
  Time since last request: 0.691639 seconds.
  path: Assets/tileMedium_graveyard.obj
  artifactKey: Guid(4465c71bf0395cb47858b5d6b342c918) Importer(815301076,1909f56bfc062723c751e8b465ee728b)
Start importing Assets/tileMedium_graveyard.obj using Guid(4465c71bf0395cb47858b5d6b342c918) Importer(815301076,1909f56bfc062723c751e8b465ee728b)  -> (artifact id: '38215b56929621b4aaf2346b68838921') in 0.090266 seconds
Number of updated asset objects reloaded before import = 0
Number of asset objects unloaded after import = 11
========================================================================
Received Import Request.
  Time since last request: 0.832045 seconds.
  path: Assets/tileSlopeLowMedium_graveyard.obj
  artifactKey: Guid(41e04fa99b85e48418f3c60098b64d19) Importer(815301076,1909f56bfc062723c751e8b465ee728b)
Start importing Assets/tileSlopeLowMedium_graveyard.obj using Guid(41e04fa99b85e48418f3c60098b64d19) Importer(815301076,1909f56bfc062723c751e8b465ee728b)  -> (artifact id: 'c4c4a182fa8eedf50a87076eb41079ed') in 0.044988 seconds
Number of updated asset objects reloaded before import = 0
Number of asset objects unloaded after import = 11
========================================================================
Received Import Request.
  Time since last request: 0.802496 seconds.
  path: Assets/tileSlopeMediumHigh_graveyard.obj
  artifactKey: Guid(9a79d96ba1d23c649b6af6d0cc5a0190) Importer(815301076,1909f56bfc062723c751e8b465ee728b)
Start importing Assets/tileSlopeMediumHigh_graveyard.obj using Guid(9a79d96ba1d23c649b6af6d0cc5a0190) Importer(815301076,1909f56bfc062723c751e8b465ee728b)  -> (artifact id: 'fe79740a631a7771f16556d4991ebb26') in 0.049751 seconds
Number of updated asset objects reloaded before import = 0
Number of asset objects unloaded after import = 11
========================================================================
Received Import Request.
  Time since last request: 0.759374 seconds.
  path: Assets/tileSmall_graveyard.obj
  artifactKey: Guid(4fd1b1dde79852647b385924abc3a11f) Importer(815301076,1909f56bfc062723c751e8b465ee728b)
Start importing Assets/tileSmall_graveyard.obj using Guid(4fd1b1dde79852647b385924abc3a11f) Importer(815301076,1909f56bfc062723c751e8b465ee728b)  -> (artifact id: '55be00ebf936218b0d6057c85181a26e') in 0.055445 seconds
Number of updated asset objects reloaded before import = 0
Number of asset objects unloaded after import = 11
========================================================================
Received Import Request.
  Time since last request: 0.709845 seconds.
  path: Assets/treeA_graveyard.obj
  artifactKey: Guid(26393ba8af05e51429c8eadd692eaf4f) Importer(815301076,1909f56bfc062723c751e8b465ee728b)
Start importing Assets/treeA_graveyard.obj using Guid(26393ba8af05e51429c8eadd692eaf4f) Importer(815301076,1909f56bfc062723c751e8b465ee728b)  -> (artifact id: 'c5b77811c2cd85959b318dc760e45d46') in 0.052610 seconds
Number of updated asset objects reloaded before import = 0
Number of asset objects unloaded after import = 11
========================================================================
Received Import Request.
  Time since last request: 0.803061 seconds.
  path: Assets/treeB_graveyard.obj
  artifactKey: Guid(0cca2085cfbc4584c9175bfb96fec2cf) Importer(815301076,1909f56bfc062723c751e8b465ee728b)
Start importing Assets/treeB_graveyard.obj using Guid(0cca2085cfbc4584c9175bfb96fec2cf) Importer(815301076,1909f56bfc062723c751e8b465ee728b)  -> (artifact id: '037f793444cd2a515d7689cfa63006d8') in 0.049607 seconds
Number of updated asset objects reloaded before import = 0
Number of asset objects unloaded after import = 11
========================================================================
Received Import Request.
  Time since last request: 0.666117 seconds.
  path: Assets/treeC_graveyard.obj
  artifactKey: Guid(8b7e9b5b2be84474ba5872fda0bbb2ed) Importer(815301076,1909f56bfc062723c751e8b465ee728b)
Start importing Assets/treeC_graveyard.obj using Guid(8b7e9b5b2be84474ba5872fda0bbb2ed) Importer(815301076,1909f56bfc062723c751e8b465ee728b)  -> (artifact id: '64b040468fa82f0fa2b84b3f9a830e7b') in 0.042479 seconds
Number of updated asset objects reloaded before import = 0
Number of asset objects unloaded after import = 11
========================================================================
Received Import Request.
  Time since last request: 3.554300 seconds.
  path: Assets/treeD_graveyard.obj
  artifactKey: Guid(df61a0a1866eee14081f3b8c327d2a74) Importer(815301076,1909f56bfc062723c751e8b465ee728b)
Start importing Assets/treeD_graveyard.obj using Guid(df61a0a1866eee14081f3b8c327d2a74) Importer(815301076,1909f56bfc062723c751e8b465ee728b)  -> (artifact id: '399b6d47740844c91f803f844a8c4965') in 0.051974 seconds
Number of updated asset objects reloaded before import = 0
Number of asset objects unloaded after import = 11
========================================================================
Received Import Request.
  Time since last request: 38.690195 seconds.
  path: Assets
  artifactKey: Guid(00000000000000001000000000000000) Importer(815301076,1909f56bfc062723c751e8b465ee728b)
Start importing Assets using Guid(00000000000000001000000000000000) Importer(815301076,1909f56bfc062723c751e8b465ee728b)  -> (artifact id: '8a4fe85251aa2e89732c359432baa2c3') in 0.000730 seconds
Number of updated asset objects reloaded before import = 0
Number of asset objects unloaded after import = 0
========================================================================
Received Import Request.
  Time since last request: 6.064289 seconds.
  path: Assets/scripts
  artifactKey: Guid(424616977299e694a80e3c856f3698bd) Importer(815301076,1909f56bfc062723c751e8b465ee728b)
Start importing Assets/scripts using Guid(424616977299e694a80e3c856f3698bd) Importer(815301076,1909f56bfc062723c751e8b465ee728b)  -> (artifact id: 'eab7af59c58c6d0457da288816f41749') in 0.000790 seconds
Number of updated asset objects reloaded before import = 0
Number of asset objects unloaded after import = 0
========================================================================
Received Prepare
Begin MonoManager ReloadAssembly
- Loaded All Assemblies, in  0.917 seconds
Refreshing native plugins compatible for Editor in 28.02 ms, found 12 plugins.
Native extension for WindowsStandalone target not found
[Package Manager] Server::EnsureServerProcessIsRunning -- launch failed, reason: Unity was launched with the -noUpm command-line argument
[Package Manager] UpmClient::Send -- Unable to send message (not connected to UPM process).
[Package Manager] Cannot connect to Unity Package Manager local server
[Package Manager] Server::EnsureServerProcessIsRunning -- launch failed, reason: Unity was launched with the -noUpm command-line argument
[Package Manager] UpmClient::Send -- Unable to send message (not connected to UPM process).
[Package Manager] Cannot connect to Unity Package Manager local server
System.Reflection.TargetInvocationException: Exception has been thrown by the target of an invocation. ---> System.NullReferenceException: Object reference not set to an instance of an object
  at Unity.XR.Oculus.OculusLoader.AssetPathToAbsolutePath (System.String assetPath) [0x0003d] in .\Library\PackageCache\com.unity.xr.oculus@4.0.0\Runtime\OculusLoader.cs:282 
  at Unity.XR.Oculus.OculusLoader.EditorLoadOVRPlugin () [0x0007b] in .\Library\PackageCache\com.unity.xr.oculus@4.0.0\Runtime\OculusLoader.cs:267 
  at (wrapper managed-to-native) System.Reflection.RuntimeMethodInfo.InternalInvoke(System.Reflection.RuntimeMethodInfo,object,object[],System.Exception&)
  at System.Reflection.RuntimeMethodInfo.Invoke (System.Object obj, System.Reflection.BindingFlags invokeAttr, System.Reflection.Binder binder, System.Object[] parameters, System.Globalization.CultureInfo culture) [0x0006a] in <787acc3c9a4c471ba7d971300105af24>:0 
   --- End of inner exception stack trace ---
  at System.Reflection.RuntimeMethodInfo.Invoke (System.Object obj, System.Reflection.BindingFlags invokeAttr, System.Reflection.Binder binder, System.Object[] parameters, System.Globalization.CultureInfo culture) [0x00083] in <787acc3c9a4c471ba7d971300105af24>:0 
  at System.Reflection.MethodBase.Invoke (System.Object obj, System.Object[] parameters) [0x00000] in <787acc3c9a4c471ba7d971300105af24>:0 
  at UnityEditor.EditorAssemblies.ProcessInitializeOnLoadMethodAttributes () [0x000a5] in <2e279d988b9d4542841de511fbfdf8c2>:0 
UnityEngine.StackTraceUtility:ExtractStackTrace ()
UnityEngine.DebugLogHandler:LogFormat (UnityEngine.LogType,UnityEngine.Object,string,object[])
UnityEngine.Logger:Log (UnityEngine.LogType,object)
UnityEngine.Debug:LogError (object)
UnityEditor.EditorAssemblies:ProcessInitializeOnLoadMethodAttributes ()

Mono: successfully reloaded assembly
[Package Manager] Server::EnsureServerProcessIsRunning -- launch failed, reason: Unity was launched with the -noUpm command-line argument
[Package Manager] UpmClient::Send -- Unable to send message (not connected to UPM process).
[Package Manager] Cannot connect to Unity Package Manager local server
- Finished resetting the current domain, in  2.908 seconds
Domain Reload Profiling: 3818ms
	BeginReloadAssembly (299ms)
		ExecutionOrderSort (0ms)
		DisableScriptedObjects (24ms)
		BackupInstance (0ms)
		ReleaseScriptingObjects (0ms)
		CreateAndSetChildDomain (70ms)
	RebuildCommonClasses (50ms)
	RebuildNativeTypeToScriptingClass (22ms)
	initialDomainReloadingComplete (58ms)
	LoadAllAssembliesAndSetupDomain (479ms)
		LoadAssemblies (524ms)
		RebuildTransferFunctionScriptingTraits (0ms)
		AnalyzeDomain (103ms)
			TypeCache.Refresh (25ms)
				TypeCache.ScanAssembly (3ms)
			ScanForSourceGeneratedMonoScriptInfo (57ms)
			ResolveRequiredComponents (20ms)
	FinalizeReload (2909ms)
		ReleaseScriptCaches (0ms)
		RebuildScriptCaches (0ms)
		SetupLoadedEditorAssemblies (832ms)
			LogAssemblyErrors (0ms)
			InitializePlatformSupportModulesInManaged (14ms)
			SetLoadedEditorAssemblies (5ms)
			RefreshPlugins (0ms)
			BeforeProcessingInitializeOnLoad (142ms)
			ProcessInitializeOnLoadAttributes (500ms)
			ProcessInitializeOnLoadMethodAttributes (156ms)
			AfterProcessingInitializeOnLoad (15ms)
			EditorAssembliesLoaded (0ms)
		ExecutionOrderSort2 (0ms)
		AwakeInstancesAfterBackupRestoration (18ms)
Refreshing native plugins compatible for Editor in 25.22 ms, found 12 plugins.
Preloading 1 native plugins for Editor in 0.10 ms.
Unloading 5971 Unused Serialized files (Serialized files now loaded: 0)
Unloading 70 unused Assets / (334.6 KB). Loaded Objects now: 6684.
Memory consumption went from 200.3 MB to 200.0 MB.
Total: 6.844100 ms (FindLiveObjects: 0.606700 ms CreateObjectMapping: 0.408200 ms MarkObjects: 5.638100 ms  DeleteObjects: 0.189200 ms)

Prepare: number of updated asset objects reloaded= 0
AssetImportParameters requested are different than current active one (requested -> active):
  custom:container-demuxer-ogg: 62fdf1f143b41e24485cea50d1cbac27 -> 
  custom:video-decoder-ogg-theora: a1e56fd34408186e4bbccfd4996cb3dc -> 
  custom:framework-win-MediaFoundation: 216162199b28c13a410421893ffa2e32 -> 
  custom:CustomObjectIndexerAttribute: a3ef5dd2817f97addfee359851a9dba5 -> 
  custom:container-demuxer-webm: 4f35f7cbe854078d1ac9338744f61a02 -> 
  custom:container-muxer-webm: aa71ff27fc2769a1b78a27578f13a17b -> 
  custom:video-decoder-webm-vp8: 9c59270c3fd7afecdb556c50c9e8de78 -> 
  custom:SearchIndexIgnoredProperties: e643bd26f0fe6173181afceb89e7c659 -> 
  custom:AudioImporter_EditorPlatform: d09bf68614088b80899f8185d706f6e7 -> 
  custom:video-encoder-webm-vp8: eb34c28f22e8b96e1ab97ce403110664 -> 
  custom:audio-decoder-ogg-vorbis: bf7c407c2cedff20999df2af8eb42d56 -> 
  custom:audio-encoder-webm-vorbis: bf7c407c2cedff20999df2af8eb42d56 -> 
========================================================================
Received Import Request.
  Time since last request: 49.291422 seconds.
  path: Assets/Images
  artifactKey: Guid(624b4b27d16707a4aac2f6cf37d97b52) Importer(815301076,1909f56bfc062723c751e8b465ee728b)
Start importing Assets/Images using Guid(624b4b27d16707a4aac2f6cf37d97b52) Importer(815301076,1909f56bfc062723c751e8b465ee728b)  -> (artifact id: '12fe31814154322ca6e529e441745067') in 0.003090 seconds
Number of updated asset objects reloaded before import = 0
Number of asset objects unloaded after import = 0
========================================================================
Received Import Request.
  Time since last request: 14.451409 seconds.
  path: Assets/New spooky assets
  artifactKey: Guid(0746768b2c22ff34c9d12b4e62b5964d) Importer(815301076,1909f56bfc062723c751e8b465ee728b)
Start importing Assets/New spooky assets using Guid(0746768b2c22ff34c9d12b4e62b5964d) Importer(815301076,1909f56bfc062723c751e8b465ee728b)  -> (artifact id: '1c5cb7cdcca9dbe17f4347e2813e5b8d') in 0.000812 seconds
Number of updated asset objects reloaded before import = 0
Number of asset objects unloaded after import = 0
========================================================================
Received Prepare
Begin MonoManager ReloadAssembly
- Loaded All Assemblies, in  6.122 seconds
Refreshing native plugins compatible for Editor in 57.36 ms, found 12 plugins.
Native extension for WindowsStandalone target not found
[Package Manager] Server::EnsureServerProcessIsRunning -- launch failed, reason: Unity was launched with the -noUpm command-line argument
[Package Manager] UpmClient::Send -- Unable to send message (not connected to UPM process).
[Package Manager] Cannot connect to Unity Package Manager local server
[Package Manager] Server::EnsureServerProcessIsRunning -- launch failed, reason: Unity was launched with the -noUpm command-line argument
[Package Manager] UpmClient::Send -- Unable to send message (not connected to UPM process).
[Package Manager] Cannot connect to Unity Package Manager local server
System.Reflection.TargetInvocationException: Exception has been thrown by the target of an invocation. ---> System.NullReferenceException: Object reference not set to an instance of an object
  at Unity.XR.Oculus.OculusLoader.AssetPathToAbsolutePath (System.String assetPath) [0x0003d] in .\Library\PackageCache\com.unity.xr.oculus@4.0.0\Runtime\OculusLoader.cs:282 
  at Unity.XR.Oculus.OculusLoader.EditorLoadOVRPlugin () [0x0007b] in .\Library\PackageCache\com.unity.xr.oculus@4.0.0\Runtime\OculusLoader.cs:267 
  at (wrapper managed-to-native) System.Reflection.RuntimeMethodInfo.InternalInvoke(System.Reflection.RuntimeMethodInfo,object,object[],System.Exception&)
  at System.Reflection.RuntimeMethodInfo.Invoke (System.Object obj, System.Reflection.BindingFlags invokeAttr, System.Reflection.Binder binder, System.Object[] parameters, System.Globalization.CultureInfo culture) [0x0006a] in <787acc3c9a4c471ba7d971300105af24>:0 
   --- End of inner exception stack trace ---
  at System.Reflection.RuntimeMethodInfo.Invoke (System.Object obj, System.Reflection.BindingFlags invokeAttr, System.Reflection.Binder binder, System.Object[] parameters, System.Globalization.CultureInfo culture) [0x00083] in <787acc3c9a4c471ba7d971300105af24>:0 
  at System.Reflection.MethodBase.Invoke (System.Object obj, System.Object[] parameters) [0x00000] in <787acc3c9a4c471ba7d971300105af24>:0 
  at UnityEditor.EditorAssemblies.ProcessInitializeOnLoadMethodAttributes () [0x000a5] in <2e279d988b9d4542841de511fbfdf8c2>:0 
UnityEngine.StackTraceUtility:ExtractStackTrace ()
UnityEngine.DebugLogHandler:LogFormat (UnityEngine.LogType,UnityEngine.Object,string,object[])
UnityEngine.Logger:Log (UnityEngine.LogType,object)
UnityEngine.Debug:LogError (object)
UnityEditor.EditorAssemblies:ProcessInitializeOnLoadMethodAttributes ()

Mono: successfully reloaded assembly
[Package Manager] Server::EnsureServerProcessIsRunning -- launch failed, reason: Unity was launched with the -noUpm command-line argument
[Package Manager] UpmClient::Send -- Unable to send message (not connected to UPM process).
[Package Manager] Cannot connect to Unity Package Manager local server
- Finished resetting the current domain, in  6.510 seconds
Domain Reload Profiling: 12647ms
	BeginReloadAssembly (922ms)
		ExecutionOrderSort (0ms)
		DisableScriptedObjects (23ms)
		BackupInstance (0ms)
		ReleaseScriptingObjects (4ms)
		CreateAndSetChildDomain (344ms)
	RebuildCommonClasses (99ms)
	RebuildNativeTypeToScriptingClass (28ms)
	initialDomainReloadingComplete (78ms)
	LoadAllAssembliesAndSetupDomain (5007ms)
		LoadAssemblies (5252ms)
		RebuildTransferFunctionScriptingTraits (0ms)
		AnalyzeDomain (114ms)
			TypeCache.Refresh (63ms)
				TypeCache.ScanAssembly (0ms)
			ScanForSourceGeneratedMonoScriptInfo (1ms)
			ResolveRequiredComponents (48ms)
	FinalizeReload (6514ms)
		ReleaseScriptCaches (0ms)
		RebuildScriptCaches (0ms)
		SetupLoadedEditorAssemblies (1297ms)
			LogAssemblyErrors (0ms)
			InitializePlatformSupportModulesInManaged (41ms)
			SetLoadedEditorAssemblies (19ms)
			RefreshPlugins (0ms)
			BeforeProcessingInitializeOnLoad (263ms)
			ProcessInitializeOnLoadAttributes (748ms)
			ProcessInitializeOnLoadMethodAttributes (211ms)
			AfterProcessingInitializeOnLoad (14ms)
			EditorAssembliesLoaded (0ms)
		ExecutionOrderSort2 (0ms)
		AwakeInstancesAfterBackupRestoration (22ms)
Refreshing native plugins compatible for Editor in 65.20 ms, found 12 plugins.
Preloading 1 native plugins for Editor in 0.16 ms.
Unloading 5971 Unused Serialized files (Serialized files now loaded: 0)
Unloading 70 unused Assets / (334.6 KB). Loaded Objects now: 6689.
Memory consumption went from 200.2 MB to 199.9 MB.
Total: 9.534700 ms (FindLiveObjects: 0.846100 ms CreateObjectMapping: 0.683100 ms MarkObjects: 7.584600 ms  DeleteObjects: 0.418500 ms)

Prepare: number of updated asset objects reloaded= 0
AssetImportParameters requested are different than current active one (requested -> active):
  custom:container-demuxer-ogg: 62fdf1f143b41e24485cea50d1cbac27 -> 
  custom:video-decoder-ogg-theora: a1e56fd34408186e4bbccfd4996cb3dc -> 
  custom:framework-win-MediaFoundation: 216162199b28c13a410421893ffa2e32 -> 
  custom:CustomObjectIndexerAttribute: a3ef5dd2817f97addfee359851a9dba5 -> 
  custom:container-demuxer-webm: 4f35f7cbe854078d1ac9338744f61a02 -> 
  custom:container-muxer-webm: aa71ff27fc2769a1b78a27578f13a17b -> 
  custom:video-decoder-webm-vp8: 9c59270c3fd7afecdb556c50c9e8de78 -> 
  custom:SearchIndexIgnoredProperties: e643bd26f0fe6173181afceb89e7c659 -> 
  custom:AudioImporter_EditorPlatform: d09bf68614088b80899f8185d706f6e7 -> 
  custom:video-encoder-webm-vp8: eb34c28f22e8b96e1ab97ce403110664 -> 
  custom:audio-decoder-ogg-vorbis: bf7c407c2cedff20999df2af8eb42d56 -> 
  custom:audio-encoder-webm-vorbis: bf7c407c2cedff20999df2af8eb42d56 -> 
========================================================================
Received Prepare
Begin MonoManager ReloadAssembly
- Loaded All Assemblies, in  3.972 seconds
Refreshing native plugins compatible for Editor in 36.37 ms, found 12 plugins.
Native extension for WindowsStandalone target not found
[Package Manager] Server::EnsureServerProcessIsRunning -- launch failed, reason: Unity was launched with the -noUpm command-line argument
[Package Manager] UpmClient::Send -- Unable to send message (not connected to UPM process).
[Package Manager] Cannot connect to Unity Package Manager local server
[Package Manager] Server::EnsureServerProcessIsRunning -- launch failed, reason: Unity was launched with the -noUpm command-line argument
[Package Manager] UpmClient::Send -- Unable to send message (not connected to UPM process).
[Package Manager] Cannot connect to Unity Package Manager local server
System.Reflection.TargetInvocationException: Exception has been thrown by the target of an invocation. ---> System.NullReferenceException: Object reference not set to an instance of an object
  at Unity.XR.Oculus.OculusLoader.AssetPathToAbsolutePath (System.String assetPath) [0x0003d] in .\Library\PackageCache\com.unity.xr.oculus@4.0.0\Runtime\OculusLoader.cs:282 
  at Unity.XR.Oculus.OculusLoader.EditorLoadOVRPlugin () [0x0007b] in .\Library\PackageCache\com.unity.xr.oculus@4.0.0\Runtime\OculusLoader.cs:267 
  at (wrapper managed-to-native) System.Reflection.RuntimeMethodInfo.InternalInvoke(System.Reflection.RuntimeMethodInfo,object,object[],System.Exception&)
  at System.Reflection.RuntimeMethodInfo.Invoke (System.Object obj, System.Reflection.BindingFlags invokeAttr, System.Reflection.Binder binder, System.Object[] parameters, System.Globalization.CultureInfo culture) [0x0006a] in <787acc3c9a4c471ba7d971300105af24>:0 
   --- End of inner exception stack trace ---
  at System.Reflection.RuntimeMethodInfo.Invoke (System.Object obj, System.Reflection.BindingFlags invokeAttr, System.Reflection.Binder binder, System.Object[] parameters, System.Globalization.CultureInfo culture) [0x00083] in <787acc3c9a4c471ba7d971300105af24>:0 
  at System.Reflection.MethodBase.Invoke (System.Object obj, System.Object[] parameters) [0x00000] in <787acc3c9a4c471ba7d971300105af24>:0 
  at UnityEditor.EditorAssemblies.ProcessInitializeOnLoadMethodAttributes () [0x000a5] in <2e279d988b9d4542841de511fbfdf8c2>:0 
UnityEngine.StackTraceUtility:ExtractStackTrace ()
UnityEngine.DebugLogHandler:LogFormat (UnityEngine.LogType,UnityEngine.Object,string,object[])
UnityEngine.Logger:Log (UnityEngine.LogType,object)
UnityEngine.Debug:LogError (object)
UnityEditor.EditorAssemblies:ProcessInitializeOnLoadMethodAttributes ()

Mono: successfully reloaded assembly
[Package Manager] Server::EnsureServerProcessIsRunning -- launch failed, reason: Unity was launched with the -noUpm command-line argument
[Package Manager] UpmClient::Send -- Unable to send message (not connected to UPM process).
[Package Manager] Cannot connect to Unity Package Manager local server
- Finished resetting the current domain, in  3.957 seconds
Domain Reload Profiling: 7923ms
	BeginReloadAssembly (477ms)
		ExecutionOrderSort (0ms)
		DisableScriptedObjects (13ms)
		BackupInstance (0ms)
		ReleaseScriptingObjects (1ms)
		CreateAndSetChildDomain (192ms)
	RebuildCommonClasses (112ms)
	RebuildNativeTypeToScriptingClass (15ms)
	initialDomainReloadingComplete (61ms)
	LoadAllAssembliesAndSetupDomain (3301ms)
		LoadAssemblies (3437ms)
		RebuildTransferFunctionScriptingTraits (0ms)
		AnalyzeDomain (61ms)
			TypeCache.Refresh (25ms)
				TypeCache.ScanAssembly (0ms)
			ScanForSourceGeneratedMonoScriptInfo (0ms)
			ResolveRequiredComponents (34ms)
	FinalizeReload (3958ms)
		ReleaseScriptCaches (0ms)
		RebuildScriptCaches (0ms)
		SetupLoadedEditorAssemblies (1193ms)
			LogAssemblyErrors (0ms)
			InitializePlatformSupportModulesInManaged (17ms)
			SetLoadedEditorAssemblies (15ms)
			RefreshPlugins (0ms)
			BeforeProcessingInitializeOnLoad (220ms)
			ProcessInitializeOnLoadAttributes (718ms)
			ProcessInitializeOnLoadMethodAttributes (204ms)
			AfterProcessingInitializeOnLoad (18ms)
			EditorAssembliesLoaded (1ms)
		ExecutionOrderSort2 (0ms)
		AwakeInstancesAfterBackupRestoration (23ms)
Refreshing native plugins compatible for Editor in 34.73 ms, found 12 plugins.
Preloading 1 native plugins for Editor in 0.14 ms.
Unloading 5971 Unused Serialized files (Serialized files now loaded: 0)
Unloading 70 unused Assets / (334.8 KB). Loaded Objects now: 6694.
Memory consumption went from 200.3 MB to 199.9 MB.
Total: 8.380300 ms (FindLiveObjects: 0.703700 ms CreateObjectMapping: 0.757800 ms MarkObjects: 6.570200 ms  DeleteObjects: 0.347300 ms)

Prepare: number of updated asset objects reloaded= 0
AssetImportParameters requested are different than current active one (requested -> active):
  custom:container-demuxer-ogg: 62fdf1f143b41e24485cea50d1cbac27 -> 
  custom:video-decoder-ogg-theora: a1e56fd34408186e4bbccfd4996cb3dc -> 
  custom:framework-win-MediaFoundation: 216162199b28c13a410421893ffa2e32 -> 
  custom:CustomObjectIndexerAttribute: a3ef5dd2817f97addfee359851a9dba5 -> 
  custom:container-demuxer-webm: 4f35f7cbe854078d1ac9338744f61a02 -> 
  custom:container-muxer-webm: aa71ff27fc2769a1b78a27578f13a17b -> 
  custom:video-decoder-webm-vp8: 9c59270c3fd7afecdb556c50c9e8de78 -> 
  custom:SearchIndexIgnoredProperties: e643bd26f0fe6173181afceb89e7c659 -> 
  custom:AudioImporter_EditorPlatform: d09bf68614088b80899f8185d706f6e7 -> 
  custom:video-encoder-webm-vp8: eb34c28f22e8b96e1ab97ce403110664 -> 
  custom:audio-decoder-ogg-vorbis: bf7c407c2cedff20999df2af8eb42d56 -> 
  custom:audio-encoder-webm-vorbis: bf7c407c2cedff20999df2af8eb42d56 -> 
========================================================================
Received Import Request.
  Time since last request: 1477.761770 seconds.
  path: Assets/Scenes/Year3Sem1proj.unity
  artifactKey: Guid(711172a9a0e3d8d44a1dfea2e238f35c) Importer(815301076,1909f56bfc062723c751e8b465ee728b)
Start importing Assets/Scenes/Year3Sem1proj.unity using Guid(711172a9a0e3d8d44a1dfea2e238f35c) Importer(815301076,1909f56bfc062723c751e8b465ee728b)  -> (artifact id: '338eee10fe9ff7dc55181fff813d152c') in 0.006911 seconds
Number of updated asset objects reloaded before import = 0
Number of asset objects unloaded after import = 0
========================================================================
Received Import Request.
  Time since last request: 123.198793 seconds.
  path: Assets/detail_graveyard.fbx
  artifactKey: Guid(6aae068e66e1b574c94321f6ac0515d0) Importer(815301076,1909f56bfc062723c751e8b465ee728b)
Start importing Assets/detail_graveyard.fbx using Guid(6aae068e66e1b574c94321f6ac0515d0) Importer(815301076,1909f56bfc062723c751e8b465ee728b)  -> (artifact id: 'd312ab59d2509e1454f44049c0beda7b') in 0.657039 seconds
Number of updated asset objects reloaded before import = 0
Number of asset objects unloaded after import = 27
========================================================================
Received Import Request.
  Time since last request: 9.184471 seconds.
  path: Assets/gravestone.fbx
  artifactKey: Guid(e99d192505832544cb163104e0e6acb7) Importer(815301076,1909f56bfc062723c751e8b465ee728b)
Start importing Assets/gravestone.fbx using Guid(e99d192505832544cb163104e0e6acb7) Importer(815301076,1909f56bfc062723c751e8b465ee728b)  -> (artifact id: '9c91948469f93955a12e50a0bdde8146') in 0.047821 seconds
Number of updated asset objects reloaded before import = 0
Number of asset objects unloaded after import = 9
========================================================================
Received Import Request.
  Time since last request: 9.988900 seconds.
  path: Assets/jackolantern_big.fbx
  artifactKey: Guid(de46bea8d7822cc49ba4bb23efa26702) Importer(815301076,1909f56bfc062723c751e8b465ee728b)
Start importing Assets/jackolantern_big.fbx using Guid(de46bea8d7822cc49ba4bb23efa26702) Importer(815301076,1909f56bfc062723c751e8b465ee728b)  -> (artifact id: '47a2ae0aa942888f51abdf12f9061222') in 0.038423 seconds
Number of updated asset objects reloaded before import = 0
Number of asset objects unloaded after import = 9
========================================================================
Received Import Request.
  Time since last request: 17.397041 seconds.
  path: Assets/Sppoky#2
  artifactKey: Guid(ddfe829ed5606d14cbcc2f5466f667dc) Importer(815301076,1909f56bfc062723c751e8b465ee728b)
Start importing Assets/Sppoky#2 using Guid(ddfe829ed5606d14cbcc2f5466f667dc) Importer(815301076,1909f56bfc062723c751e8b465ee728b)  -> (artifact id: '369cf7dac01b616ea70cd7799eda3695') in 0.000852 seconds
Number of updated asset objects reloaded before import = 0
Number of asset objects unloaded after import = 0
========================================================================
Received Import Request.
  Time since last request: 22.619883 seconds.
  path: Assets/Sppoky#2/detailSingle_graveyard.fbx
  artifactKey: Guid(1bde52e893476b94086998fab21b0dd0) Importer(815301076,1909f56bfc062723c751e8b465ee728b)
Start importing Assets/Sppoky#2/detailSingle_graveyard.fbx using Guid(1bde52e893476b94086998fab21b0dd0) Importer(815301076,1909f56bfc062723c751e8b465ee728b)  -> (artifact id: '2fd557cd6375201d39460a9dea603bcd') in 0.056270 seconds
Number of updated asset objects reloaded before import = 0
Number of asset objects unloaded after import = 9
========================================================================
Received Import Request.
  Time since last request: 0.003779 seconds.
  path: Assets/Sppoky#2/candleLarge.fbx
  artifactKey: Guid(4c0fe64b2b253ab44903dc909d8c94b4) Importer(815301076,1909f56bfc062723c751e8b465ee728b)
Start importing Assets/Sppoky#2/candleLarge.fbx using Guid(4c0fe64b2b253ab44903dc909d8c94b4) Importer(815301076,1909f56bfc062723c751e8b465ee728b)  -> (artifact id: 'a51124836921161457f00c75a19d9eda') in 0.203569 seconds
Number of updated asset objects reloaded before import = 0
Number of asset objects unloaded after import = 11
========================================================================
Received Import Request.
  Time since last request: 0.000642 seconds.
  path: Assets/Sppoky#2/fence.fbx
  artifactKey: Guid(ede0ef909f64dbe42b8b4327e8aee6eb) Importer(815301076,1909f56bfc062723c751e8b465ee728b)
Start importing Assets/Sppoky#2/fence.fbx using Guid(ede0ef909f64dbe42b8b4327e8aee6eb) Importer(815301076,1909f56bfc062723c751e8b465ee728b)  -> (artifact id: '25b7dee824a48f35bfd5c1c614c75606') in 0.086357 seconds
Number of updated asset objects reloaded before import = 0
Number of asset objects unloaded after import = 9
========================================================================
Received Import Request.
  Time since last request: 0.000034 seconds.
  path: Assets/Sppoky#2/fenceDouble.fbx
  artifactKey: Guid(6ac3b1fb85779074aa695025227d30dd) Importer(815301076,1909f56bfc062723c751e8b465ee728b)
Start importing Assets/Sppoky#2/fenceDouble.fbx using Guid(6ac3b1fb85779074aa695025227d30dd) Importer(815301076,1909f56bfc062723c751e8b465ee728b)  -> (artifact id: 'a8bcc683691c6c488c7f3bbb4f289913') in 0.125429 seconds
Number of updated asset objects reloaded before import = 0
Number of asset objects unloaded after import = 10
========================================================================
Received Import Request.
  Time since last request: 0.000042 seconds.
  path: Assets/Sppoky#2/fencePost.fbx
  artifactKey: Guid(d34f28fd78c0ac14f8ba066068498e51) Importer(815301076,1909f56bfc062723c751e8b465ee728b)
Start importing Assets/Sppoky#2/fencePost.fbx using Guid(d34f28fd78c0ac14f8ba066068498e51) Importer(815301076,1909f56bfc062723c751e8b465ee728b)  -> (artifact id: 'db1f859a007a3943590de1caa83ab205') in 0.068779 seconds
Number of updated asset objects reloaded before import = 0
Number of asset objects unloaded after import = 9
========================================================================
Received Import Request.
  Time since last request: 0.000037 seconds.
  path: Assets/Sppoky#2/detail_graveyard.fbx
  artifactKey: Guid(8a0dcd9d6457479468768d5687c62345) Importer(815301076,1909f56bfc062723c751e8b465ee728b)
Start importing Assets/Sppoky#2/detail_graveyard.fbx using Guid(8a0dcd9d6457479468768d5687c62345) Importer(815301076,1909f56bfc062723c751e8b465ee728b)  -> (artifact id: 'e652575f40ad67f7134027d0bed06174') in 0.057753 seconds
Number of updated asset objects reloaded before import = 0
Number of asset objects unloaded after import = 9
========================================================================
Received Import Request.
  Time since last request: 0.000028 seconds.
  path: Assets/Sppoky#2/gravestone.fbx
  artifactKey: Guid(78a45a50234ed704eb925db105bbbd2e) Importer(815301076,1909f56bfc062723c751e8b465ee728b)
Start importing Assets/Sppoky#2/gravestone.fbx using Guid(78a45a50234ed704eb925db105bbbd2e) Importer(815301076,1909f56bfc062723c751e8b465ee728b)  -> (artifact id: '1405dbc52a608ebf6abca4b6b7b9f070') in 0.053450 seconds
Number of updated asset objects reloaded before import = 0
Number of asset objects unloaded after import = 9
========================================================================
Received Import Request.
  Time since last request: 0.000032 seconds.
  path: Assets/Sppoky#2/candyB.fbx
  artifactKey: Guid(25a60a426c704024b8cdffa8a7af3ce5) Importer(815301076,1909f56bfc062723c751e8b465ee728b)
Start importing Assets/Sppoky#2/candyB.fbx using Guid(25a60a426c704024b8cdffa8a7af3ce5) Importer(815301076,1909f56bfc062723c751e8b465ee728b)  -> (artifact id: '6a6e95de6e7b772a3669471801913ed3') in 0.151519 seconds
Number of updated asset objects reloaded before import = 0
Number of asset objects unloaded after import = 10
========================================================================
Received Import Request.
  Time since last request: 0.000188 seconds.
  path: Assets/Sppoky#2/coffinB_top.fbx
  artifactKey: Guid(8d074e77bc517244b9368d449b958898) Importer(815301076,1909f56bfc062723c751e8b465ee728b)
Start importing Assets/Sppoky#2/coffinB_top.fbx using Guid(8d074e77bc517244b9368d449b958898) Importer(815301076,1909f56bfc062723c751e8b465ee728b)  -> (artifact id: '9da0515f3bd3f044470200bec0eb38e5') in 0.130672 seconds
Number of updated asset objects reloaded before import = 0
Number of asset objects unloaded after import = 11
========================================================================
Received Import Request.
  Time since last request: 0.000069 seconds.
  path: Assets/Sppoky#2/jackolantern_big.fbx
  artifactKey: Guid(3eea3b7ca619cb246903db49c15e36fd) Importer(815301076,1909f56bfc062723c751e8b465ee728b)
Start importing Assets/Sppoky#2/jackolantern_big.fbx using Guid(3eea3b7ca619cb246903db49c15e36fd) Importer(815301076,1909f56bfc062723c751e8b465ee728b)  -> (artifact id: 'ed8a0266961a5ea83d7c8b934f630658') in 0.059477 seconds
Number of updated asset objects reloaded before import = 0
Number of asset objects unloaded after import = 9
========================================================================
Received Import Request.
  Time since last request: 0.000035 seconds.
  path: Assets/Sppoky#2/candyD.fbx
  artifactKey: Guid(7228a5977bb956d4cb730c3aaff41470) Importer(815301076,1909f56bfc062723c751e8b465ee728b)
Start importing Assets/Sppoky#2/candyD.fbx using Guid(7228a5977bb956d4cb730c3aaff41470) Importer(815301076,1909f56bfc062723c751e8b465ee728b)  -> (artifact id: '65f27a933087b3ecca43c37c2448906f') in 0.067858 seconds
Number of updated asset objects reloaded before import = 0
Number of asset objects unloaded after import = 9
========================================================================
Received Import Request.
  Time since last request: 0.000050 seconds.
  path: Assets/Sppoky#2/coffinA_top.fbx
  artifactKey: Guid(9bcda85dc408a314fa84ea20d9af0b9e) Importer(815301076,1909f56bfc062723c751e8b465ee728b)
Start importing Assets/Sppoky#2/coffinA_top.fbx using Guid(9bcda85dc408a314fa84ea20d9af0b9e) Importer(815301076,1909f56bfc062723c751e8b465ee728b)  -> (artifact id: '17db8d45e221dfea4497bd945956436a') in 0.118575 seconds
Number of updated asset objects reloaded before import = 0
Number of asset objects unloaded after import = 11
========================================================================
Received Import Request.
  Time since last request: 0.000035 seconds.
  path: Assets/Sppoky#2/coffinA_bottom.fbx
  artifactKey: Guid(d2c60b68044796542ae7c8337fb7c54a) Importer(815301076,1909f56bfc062723c751e8b465ee728b)
Start importing Assets/Sppoky#2/coffinA_bottom.fbx using Guid(d2c60b68044796542ae7c8337fb7c54a) Importer(815301076,1909f56bfc062723c751e8b465ee728b)  -> (artifact id: '27f6bd549b506072b3a342f4f510b105') in 0.131032 seconds
Number of updated asset objects reloaded before import = 0
Number of asset objects unloaded after import = 11
========================================================================
Received Import Request.
  Time since last request: 0.000034 seconds.
  path: Assets/Sppoky#2/fenceSingle.fbx
  artifactKey: Guid(bc010521faf369e43ba4656b19004d31) Importer(815301076,1909f56bfc062723c751e8b465ee728b)
Start importing Assets/Sppoky#2/fenceSingle.fbx using Guid(bc010521faf369e43ba4656b19004d31) Importer(815301076,1909f56bfc062723c751e8b465ee728b)  -> (artifact id: 'b28daa90447881864f5df5ada7c82d84') in 0.082529 seconds
Number of updated asset objects reloaded before import = 0
Number of asset objects unloaded after import = 10
========================================================================
Received Import Request.
  Time since last request: 0.000179 seconds.
  path: Assets/Sppoky#2/candleSmall.fbx
  artifactKey: Guid(bf3933bfd7046db428bcba5a1e7b7e05) Importer(815301076,1909f56bfc062723c751e8b465ee728b)
Start importing Assets/Sppoky#2/candleSmall.fbx using Guid(bf3933bfd7046db428bcba5a1e7b7e05) Importer(815301076,1909f56bfc062723c751e8b465ee728b)  -> (artifact id: '58b6efdb019a9086257b2b7cdd9cf71c') in 0.087837 seconds
Number of updated asset objects reloaded before import = 0
Number of asset objects unloaded after import = 11
========================================================================
Received Import Request.
  Time since last request: 0.000092 seconds.
  path: Assets/Sppoky#2/candyC.fbx
  artifactKey: Guid(ffcc9768904bb5c439bd2ca18858d9fc) Importer(815301076,1909f56bfc062723c751e8b465ee728b)
Start importing Assets/Sppoky#2/candyC.fbx using Guid(ffcc9768904bb5c439bd2ca18858d9fc) Importer(815301076,1909f56bfc062723c751e8b465ee728b)  -> (artifact id: 'a22aa685cd29a15de81969e133c9531e') in 0.069837 seconds
Number of updated asset objects reloaded before import = 0
Number of asset objects unloaded after import = 10
========================================================================
Received Import Request.
  Time since last request: 0.000042 seconds.
  path: Assets/Sppoky#2/pumpkinSmall.fbx
  artifactKey: Guid(04cbadb2b7b5517418f6cceca4446de6) Importer(815301076,1909f56bfc062723c751e8b465ee728b)
Start importing Assets/Sppoky#2/pumpkinSmall.fbx using Guid(04cbadb2b7b5517418f6cceca4446de6) Importer(815301076,1909f56bfc062723c751e8b465ee728b)  -> (artifact id: '0a1b946288d748b95892e2c00c298b95') in 0.067487 seconds
Number of updated asset objects reloaded before import = 0
Number of asset objects unloaded after import = 10
========================================================================
Received Import Request.
  Time since last request: 0.000042 seconds.
  path: Assets/Sppoky#2/tileHigh_graveyard.fbx
  artifactKey: Guid(76c0b6b322e88f6468ea5a7fe109d156) Importer(815301076,1909f56bfc062723c751e8b465ee728b)
Start importing Assets/Sppoky#2/tileHigh_graveyard.fbx using Guid(76c0b6b322e88f6468ea5a7fe109d156) Importer(815301076,1909f56bfc062723c751e8b465ee728b)  -> (artifact id: '791b0f4f20fa74f7355fb1f037f9da2d') in 0.070054 seconds
Number of updated asset objects reloaded before import = 0
Number of asset objects unloaded after import = 10
========================================================================
Received Import Request.
  Time since last request: 0.000078 seconds.
  path: Assets/Sppoky#2/tileLarge_graveyard.fbx
  artifactKey: Guid(e37ec1de03ca1e5419308c85342336dd) Importer(815301076,1909f56bfc062723c751e8b465ee728b)
Start importing Assets/Sppoky#2/tileLarge_graveyard.fbx using Guid(e37ec1de03ca1e5419308c85342336dd) Importer(815301076,1909f56bfc062723c751e8b465ee728b)  -> (artifact id: 'd1592803441aafda38b0e38beed2a54b') in 0.078184 seconds
Number of updated asset objects reloaded before import = 0
Number of asset objects unloaded after import = 10
========================================================================
Received Import Request.
  Time since last request: 0.000749 seconds.
  path: Assets/Sppoky#2/tile2x2_graveyard.fbx
  artifactKey: Guid(dd1334e5bbd922447ba527493a521e18) Importer(815301076,1909f56bfc062723c751e8b465ee728b)
Start importing Assets/Sppoky#2/tile2x2_graveyard.fbx using Guid(dd1334e5bbd922447ba527493a521e18) Importer(815301076,1909f56bfc062723c751e8b465ee728b)  -> (artifact id: '1357af2446f8326aa47049ac6da5047e') in 0.253881 seconds
Number of updated asset objects reloaded before import = 0
Number of asset objects unloaded after import = 10
========================================================================
Received Import Request.
  Time since last request: 0.000335 seconds.
  path: Assets/Sppoky#2/tileSlopeMediumHigh_graveyard.fbx
  artifactKey: Guid(08463721ea2094143af0ed63eb3e7dab) Importer(815301076,1909f56bfc062723c751e8b465ee728b)
Start importing Assets/Sppoky#2/tileSlopeMediumHigh_graveyard.fbx using Guid(08463721ea2094143af0ed63eb3e7dab) Importer(815301076,1909f56bfc062723c751e8b465ee728b)  -> (artifact id: '55d5f231fc790eced9291309aedb0f91') in 0.151448 seconds
Number of updated asset objects reloaded before import = 0
Number of asset objects unloaded after import = 10
========================================================================
Received Import Request.
  Time since last request: 0.000438 seconds.
  path: Assets/Sppoky#2/cauldron.fbx
  artifactKey: Guid(d0f0e92273ff99d4e86d9de71c82cc8a) Importer(815301076,1909f56bfc062723c751e8b465ee728b)
Start importing Assets/Sppoky#2/cauldron.fbx using Guid(d0f0e92273ff99d4e86d9de71c82cc8a) Importer(815301076,1909f56bfc062723c751e8b465ee728b)  -> (artifact id: 'f0cd610250582c6c87e03e85e1c95dff') in 0.138023 seconds
Number of updated asset objects reloaded before import = 0
Number of asset objects unloaded after import = 12
========================================================================
Received Import Request.
  Time since last request: 0.000032 seconds.
  path: Assets/Sppoky#2/tileSlopeLowHigh_graveyard.fbx
  artifactKey: Guid(1a77e1ef1b8c24c47b072e9d8e6138e2) Importer(815301076,1909f56bfc062723c751e8b465ee728b)
Start importing Assets/Sppoky#2/tileSlopeLowHigh_graveyard.fbx using Guid(1a77e1ef1b8c24c47b072e9d8e6138e2) Importer(815301076,1909f56bfc062723c751e8b465ee728b)  -> (artifact id: 'c4c9abf98af767815f7b7808dd15eec3') in 0.077795 seconds
Number of updated asset objects reloaded before import = 0
Number of asset objects unloaded after import = 10
========================================================================
Received Import Request.
  Time since last request: 0.000042 seconds.
  path: Assets/Sppoky#2/lollipopA.fbx
  artifactKey: Guid(638953dbb511cc847ac0bfa90f653e5a) Importer(815301076,1909f56bfc062723c751e8b465ee728b)
Start importing Assets/Sppoky#2/lollipopA.fbx using Guid(638953dbb511cc847ac0bfa90f653e5a) Importer(815301076,1909f56bfc062723c751e8b465ee728b)  -> (artifact id: '136d55d04a149a56d2b547f1cdf8d697') in 0.083092 seconds
Number of updated asset objects reloaded before import = 0
Number of asset objects unloaded after import = 11
========================================================================
Received Import Request.
  Time since last request: 0.000167 seconds.
  path: Assets/Sppoky#2/fenceCorner.fbx
  artifactKey: Guid(64f70a05a6ced8741bf47d7e5d6a10ed) Importer(815301076,1909f56bfc062723c751e8b465ee728b)
Start importing Assets/Sppoky#2/fenceCorner.fbx using Guid(64f70a05a6ced8741bf47d7e5d6a10ed) Importer(815301076,1909f56bfc062723c751e8b465ee728b)  -> (artifact id: '7231a4626ad65ecb06d0cb998ee6431f') in 0.087396 seconds
Number of updated asset objects reloaded before import = 0
Number of asset objects unloaded after import = 10
========================================================================
Received Import Request.
  Time since last request: 0.000324 seconds.
  path: Assets/Sppoky#2/candyBag.fbx
  artifactKey: Guid(ad0e225676fcc0742b410ded307b8dea) Importer(815301076,1909f56bfc062723c751e8b465ee728b)
Start importing Assets/Sppoky#2/candyBag.fbx using Guid(ad0e225676fcc0742b410ded307b8dea) Importer(815301076,1909f56bfc062723c751e8b465ee728b)  -> (artifact id: 'f9179558434077940f5847c661c26902') in 0.129299 seconds
Number of updated asset objects reloaded before import = 0
Number of asset objects unloaded after import = 14
========================================================================
Received Import Request.
  Time since last request: 0.000280 seconds.
  path: Assets/Sppoky#2/pumpkinLarge.fbx
  artifactKey: Guid(c7980fc9c0fc3454bb4a61b52426fc48) Importer(815301076,1909f56bfc062723c751e8b465ee728b)
Start importing Assets/Sppoky#2/pumpkinLarge.fbx using Guid(c7980fc9c0fc3454bb4a61b52426fc48) Importer(815301076,1909f56bfc062723c751e8b465ee728b)  -> (artifact id: '39dc46fbe4d1fb6410b7bc5b07d4aa9f') in 0.104890 seconds
Number of updated asset objects reloaded before import = 0
Number of asset objects unloaded after import = 10
========================================================================
Received Import Request.
  Time since last request: 0.000061 seconds.
  path: Assets/Sppoky#2/lollipopB.fbx
  artifactKey: Guid(41837d0270ed3af43b9d2f96076a00e4) Importer(815301076,1909f56bfc062723c751e8b465ee728b)
Start importing Assets/Sppoky#2/lollipopB.fbx using Guid(41837d0270ed3af43b9d2f96076a00e4) Importer(815301076,1909f56bfc062723c751e8b465ee728b)  -> (artifact id: 'adc8902cc547444ca377f68af4f8434c') in 0.142290 seconds
Number of updated asset objects reloaded before import = 0
Number of asset objects unloaded after import = 11
========================================================================
Received Import Request.
  Time since last request: 0.000465 seconds.
  path: Assets/Sppoky#2/pathCobbled.fbx
  artifactKey: Guid(d875d8c0935525140a3a0b1105319d61) Importer(815301076,1909f56bfc062723c751e8b465ee728b)
Start importing Assets/Sppoky#2/pathCobbled.fbx using Guid(d875d8c0935525140a3a0b1105319d61) Importer(815301076,1909f56bfc062723c751e8b465ee728b)  -> (artifact id: '1fb6f69ee8f816041b1e18b959f368b7') in 0.089653 seconds
Number of updated asset objects reloaded before import = 0
Number of asset objects unloaded after import = 9
========================================================================
Received Import Request.
  Time since last request: 0.000247 seconds.
  path: Assets/Sppoky#2/tileMedium_graveyard.fbx
  artifactKey: Guid(6aca3f119947c7e41bc77b5ab79c2aea) Importer(815301076,1909f56bfc062723c751e8b465ee728b)
Start importing Assets/Sppoky#2/tileMedium_graveyard.fbx using Guid(6aca3f119947c7e41bc77b5ab79c2aea) Importer(815301076,1909f56bfc062723c751e8b465ee728b)  -> (artifact id: '9b1482a024333d15be737b2aa7b98974') in 0.118552 seconds
Number of updated asset objects reloaded before import = 0
Number of asset objects unloaded after import = 10
Editor requested this worker to shutdown with reason: Scaling down because of idle timeout
TcpMessagingSession - receive error: operation aborted. errorcode: 995, details: The I/O operation has been aborted because of either a thread exit or an application request.
AssetImportWorker is now disconnected from the server
Process exiting
Exiting without the bug reporter. Application will terminate with return code 0