Using pre-set license
Built from '2022.3/staging' branch; Version is '2022.3.9f1 (ea401c316338) revision 15351836'; Using compiler version '192829333'; Build Type 'Release'
OS: 'Windows 11  (10.0.22621) 64bit Core' Language: 'en' Physical Memory: 7834 MB
BatchMode: 1, IsHumanControllingUs: 0, StartBugReporterOnCrash: 0, Is64bit: 1, IsPro: 1

COMMAND LINE ARGUMENTS:
C:\Program Files\Unity\Hub\Editor\2022.3.9f1\Editor\Unity.exe
-adb2
-batchMode
-noUpm
-name
AssetImportWorker1
-projectPath
C:/Users/kylem/OneDrive/Documents/GitHub/ca-kyleMcG2000-1/Create with VR/VR Room - Kyle
-logFile
Logs/AssetImportWorker1.log
-srvPort
50712
Successfully changed project path to: C:/Users/kylem/OneDrive/Documents/GitHub/ca-kyleMcG2000-1/Create with VR/VR Room - Kyle
C:/Users/kylem/OneDrive/Documents/GitHub/ca-kyleMcG2000-1/Create with VR/VR Room - Kyle
[UnityMemory] Configuration Parameters - Can be set up in boot.config
    "memorysetup-bucket-allocator-granularity=16"
    "memorysetup-bucket-allocator-bucket-count=8"
    "memorysetup-bucket-allocator-block-size=33554432"
    "memorysetup-bucket-allocator-block-count=8"
    "memorysetup-main-allocator-block-size=16777216"
    "memorysetup-thread-allocator-block-size=16777216"
    "memorysetup-gfx-main-allocator-block-size=16777216"
    "memorysetup-gfx-thread-allocator-block-size=16777216"
    "memorysetup-cache-allocator-block-size=4194304"
    "memorysetup-typetree-allocator-block-size=2097152"
    "memorysetup-profiler-bucket-allocator-granularity=16"
    "memorysetup-profiler-bucket-allocator-bucket-count=8"
    "memorysetup-profiler-bucket-allocator-block-size=33554432"
    "memorysetup-profiler-bucket-allocator-block-count=8"
    "memorysetup-profiler-allocator-block-size=16777216"
    "memorysetup-profiler-editor-allocator-block-size=1048576"
    "memorysetup-temp-allocator-size-main=16777216"
    "memorysetup-job-temp-allocator-block-size=2097152"
    "memorysetup-job-temp-allocator-block-size-background=1048576"
    "memorysetup-job-temp-allocator-reduction-small-platforms=262144"
    "memorysetup-allocator-temp-initial-block-size-main=262144"
    "memorysetup-allocator-temp-initial-block-size-worker=262144"
    "memorysetup-temp-allocator-size-background-worker=32768"
    "memorysetup-temp-allocator-size-job-worker=262144"
    "memorysetup-temp-allocator-size-preload-manager=33554432"
    "memorysetup-temp-allocator-size-nav-mesh-worker=65536"
    "memorysetup-temp-allocator-size-audio-worker=65536"
    "memorysetup-temp-allocator-size-cloud-worker=32768"
    "memorysetup-temp-allocator-size-gi-baking-worker=262144"
    "memorysetup-temp-allocator-size-gfx=262144"
Player connection [1264] Host "[IP] 169.254.140.245 [Port] 0 [Flags] 2 [Guid] 2209748488 [EditorId] 2209748488 [Version] 1048832 [Id] WindowsEditor(7,LAPTOP-L9I1TBSH) [Debug] 1 [PackageName] WindowsEditor [ProjectName] Editor" joined multi-casting on [225.0.0.222:54997]...

Player connection [1264] Host "[IP] 169.254.140.245 [Port] 0 [Flags] 2 [Guid] 2209748488 [EditorId] 2209748488 [Version] 1048832 [Id] WindowsEditor(7,LAPTOP-L9I1TBSH) [Debug] 1 [PackageName] WindowsEditor [ProjectName] Editor" joined alternative multi-casting on [225.0.0.222:34997]...

[Physics::Module] Initialized MultithreadedJobDispatcher with 7 workers.
Refreshing native plugins compatible for Editor in 1381.14 ms, found 12 plugins.
Preloading 1 native plugins for Editor in 1.26 ms.
Initialize engine version: 2022.3.9f1 (ea401c316338)
[Subsystems] Discovering subsystems at path C:/Program Files/Unity/Hub/Editor/2022.3.9f1/Editor/Data/Resources/UnitySubsystems
[Subsystems] Discovering subsystems at path C:/Users/kylem/OneDrive/Documents/GitHub/ca-kyleMcG2000-1/Create with VR/VR Room - Kyle/Assets
GfxDevice: creating device client; threaded=0; jobified=0
Direct3D:
    Version:  Direct3D 11.0 [level 11.1]
    Renderer: Intel(R) Iris(R) Xe Graphics (ID=0x9a49)
    Vendor:   Intel
    VRAM:     3917 MB
    Driver:   31.0.101.4032
Initialize mono
Mono path[0] = 'C:/Program Files/Unity/Hub/Editor/2022.3.9f1/Editor/Data/Managed'
Mono path[1] = 'C:/Program Files/Unity/Hub/Editor/2022.3.9f1/Editor/Data/MonoBleedingEdge/lib/mono/unityjit-win32'
Mono config path = 'C:/Program Files/Unity/Hub/Editor/2022.3.9f1/Editor/Data/MonoBleedingEdge/etc'
Using monoOptions --debugger-agent=transport=dt_socket,embedding=1,server=y,suspend=n,address=127.0.0.1:56108
Begin MonoManager ReloadAssembly
Registering precompiled unity dll's ...
Register platform support module: C:/Program Files/Unity/Hub/Editor/2022.3.9f1/Editor/Data/PlaybackEngines/WindowsStandaloneSupport/UnityEditor.WindowsStandalone.Extensions.dll
Registered in 0.223997 seconds.
- Loaded All Assemblies, in  7.036 seconds
Native extension for WindowsStandalone target not found
Mono: successfully reloaded assembly
- Finished resetting the current domain, in  0.519 seconds
Domain Reload Profiling: 7550ms
	BeginReloadAssembly (6098ms)
		ExecutionOrderSort (0ms)
		DisableScriptedObjects (0ms)
		BackupInstance (0ms)
		ReleaseScriptingObjects (0ms)
		CreateAndSetChildDomain (2ms)
	RebuildCommonClasses (70ms)
	RebuildNativeTypeToScriptingClass (17ms)
	initialDomainReloadingComplete (325ms)
	LoadAllAssembliesAndSetupDomain (520ms)
		LoadAssemblies (6091ms)
		RebuildTransferFunctionScriptingTraits (0ms)
		AnalyzeDomain (516ms)
			TypeCache.Refresh (513ms)
				TypeCache.ScanAssembly (482ms)
			ScanForSourceGeneratedMonoScriptInfo (1ms)
			ResolveRequiredComponents (1ms)
	FinalizeReload (520ms)
		ReleaseScriptCaches (0ms)
		RebuildScriptCaches (0ms)
		SetupLoadedEditorAssemblies (404ms)
			LogAssemblyErrors (0ms)
			InitializePlatformSupportModulesInManaged (17ms)
			SetLoadedEditorAssemblies (16ms)
			RefreshPlugins (0ms)
			BeforeProcessingInitializeOnLoad (4ms)
			ProcessInitializeOnLoadAttributes (266ms)
			ProcessInitializeOnLoadMethodAttributes (100ms)
			AfterProcessingInitializeOnLoad (0ms)
			EditorAssembliesLoaded (0ms)
		ExecutionOrderSort2 (0ms)
		AwakeInstancesAfterBackupRestoration (0ms)
========================================================================
Worker process is ready to serve import requests
Begin MonoManager ReloadAssembly
- Loaded All Assemblies, in  3.412 seconds
Refreshing native plugins compatible for Editor in 26.37 ms, found 12 plugins.
Native extension for WindowsStandalone target not found
Package Manager log level set to [2]
[Package Manager] Server::EnsureServerProcessIsRunning -- launch failed, reason: Unity was launched with the -noUpm command-line argument
[Package Manager] UpmClient::Send -- Unable to send message (not connected to UPM process).
[Package Manager] Cannot connect to Unity Package Manager local server
[Package Manager] Server::EnsureServerProcessIsRunning -- launch failed, reason: Unity was launched with the -noUpm command-line argument
[Package Manager] UpmClient::Send -- Unable to send message (not connected to UPM process).
[Package Manager] Cannot connect to Unity Package Manager local server
System.Reflection.TargetInvocationException: Exception has been thrown by the target of an invocation. ---> System.NullReferenceException: Object reference not set to an instance of an object
  at Unity.XR.Oculus.OculusLoader.AssetPathToAbsolutePath (System.String assetPath) [0x0003d] in .\Library\PackageCache\com.unity.xr.oculus@4.0.0\Runtime\OculusLoader.cs:282 
  at Unity.XR.Oculus.OculusLoader.EditorLoadOVRPlugin () [0x0007b] in .\Library\PackageCache\com.unity.xr.oculus@4.0.0\Runtime\OculusLoader.cs:267 
  at (wrapper managed-to-native) System.Reflection.RuntimeMethodInfo.InternalInvoke(System.Reflection.RuntimeMethodInfo,object,object[],System.Exception&)
  at System.Reflection.RuntimeMethodInfo.Invoke (System.Object obj, System.Reflection.BindingFlags invokeAttr, System.Reflection.Binder binder, System.Object[] parameters, System.Globalization.CultureInfo culture) [0x0006a] in <787acc3c9a4c471ba7d971300105af24>:0 
   --- End of inner exception stack trace ---
  at System.Reflection.RuntimeMethodInfo.Invoke (System.Object obj, System.Reflection.BindingFlags invokeAttr, System.Reflection.Binder binder, System.Object[] parameters, System.Globalization.CultureInfo culture) [0x00083] in <787acc3c9a4c471ba7d971300105af24>:0 
  at System.Reflection.MethodBase.Invoke (System.Object obj, System.Object[] parameters) [0x00000] in <787acc3c9a4c471ba7d971300105af24>:0 
  at UnityEditor.EditorAssemblies.ProcessInitializeOnLoadMethodAttributes () [0x000a5] in <2e279d988b9d4542841de511fbfdf8c2>:0 
UnityEngine.StackTraceUtility:ExtractStackTrace ()
UnityEngine.DebugLogHandler:LogFormat (UnityEngine.LogType,UnityEngine.Object,string,object[])
UnityEngine.Logger:Log (UnityEngine.LogType,object)
UnityEngine.Debug:LogError (object)
UnityEditor.EditorAssemblies:ProcessInitializeOnLoadMethodAttributes ()

Mono: successfully reloaded assembly
[Package Manager] Server::EnsureServerProcessIsRunning -- launch failed, reason: Unity was launched with the -noUpm command-line argument
[Package Manager] UpmClient::Send -- Unable to send message (not connected to UPM process).
[Package Manager] Cannot connect to Unity Package Manager local server
[Package Manager] Server::EnsureServerProcessIsRunning -- launch failed, reason: Unity was launched with the -noUpm command-line argument
[Package Manager] UpmClient::Send -- Unable to send message (not connected to UPM process).
[Package Manager] Cannot connect to Unity Package Manager local server
- Finished resetting the current domain, in  1.992 seconds
Domain Reload Profiling: 5409ms
	BeginReloadAssembly (275ms)
		ExecutionOrderSort (0ms)
		DisableScriptedObjects (7ms)
		BackupInstance (0ms)
		ReleaseScriptingObjects (0ms)
		CreateAndSetChildDomain (36ms)
	RebuildCommonClasses (57ms)
	RebuildNativeTypeToScriptingClass (18ms)
	initialDomainReloadingComplete (78ms)
	LoadAllAssembliesAndSetupDomain (2988ms)
		LoadAssemblies (2451ms)
		RebuildTransferFunctionScriptingTraits (0ms)
		AnalyzeDomain (691ms)
			TypeCache.Refresh (594ms)
				TypeCache.ScanAssembly (510ms)
			ScanForSourceGeneratedMonoScriptInfo (69ms)
			ResolveRequiredComponents (26ms)
	FinalizeReload (1993ms)
		ReleaseScriptCaches (0ms)
		RebuildScriptCaches (0ms)
		SetupLoadedEditorAssemblies (1642ms)
			LogAssemblyErrors (0ms)
			InitializePlatformSupportModulesInManaged (11ms)
			SetLoadedEditorAssemblies (7ms)
			RefreshPlugins (0ms)
			BeforeProcessingInitializeOnLoad (177ms)
			ProcessInitializeOnLoadAttributes (880ms)
			ProcessInitializeOnLoadMethodAttributes (551ms)
			AfterProcessingInitializeOnLoad (16ms)
			EditorAssembliesLoaded (1ms)
		ExecutionOrderSort2 (0ms)
		AwakeInstancesAfterBackupRestoration (13ms)
Launched and connected shader compiler UnityShaderCompiler.exe after 0.08 seconds
Refreshing native plugins compatible for Editor in 41.76 ms, found 12 plugins.
Preloading 1 native plugins for Editor in 0.15 ms.
Unloading 6132 Unused Serialized files (Serialized files now loaded: 0)
Unloading 105 unused Assets / (364.8 KB). Loaded Objects now: 6597.
Memory consumption went from 220.5 MB to 220.2 MB.
Total: 5.414100 ms (FindLiveObjects: 0.686300 ms CreateObjectMapping: 0.521200 ms MarkObjects: 3.708900 ms  DeleteObjects: 0.496000 ms)

AssetImportParameters requested are different than current active one (requested -> active):
  custom:container-demuxer-ogg: 62fdf1f143b41e24485cea50d1cbac27 -> 
  custom:video-decoder-ogg-theora: a1e56fd34408186e4bbccfd4996cb3dc -> 
  custom:framework-win-MediaFoundation: 216162199b28c13a410421893ffa2e32 -> 
  custom:CustomObjectIndexerAttribute: a3ef5dd2817f97addfee359851a9dba5 -> 
  custom:container-demuxer-webm: 4f35f7cbe854078d1ac9338744f61a02 -> 
  custom:container-muxer-webm: aa71ff27fc2769a1b78a27578f13a17b -> 
  custom:video-decoder-webm-vp8: 9c59270c3fd7afecdb556c50c9e8de78 -> 
  custom:SearchIndexIgnoredProperties: e643bd26f0fe6173181afceb89e7c659 -> 
  custom:AudioImporter_EditorPlatform: d09bf68614088b80899f8185d706f6e7 -> 
  custom:video-encoder-webm-vp8: eb34c28f22e8b96e1ab97ce403110664 -> 
  custom:audio-decoder-ogg-vorbis: bf7c407c2cedff20999df2af8eb42d56 -> 
  custom:audio-encoder-webm-vorbis: bf7c407c2cedff20999df2af8eb42d56 -> 
========================================================================
Received Import Request.
  Time since last request: 493.061877 seconds.
  path: Assets/cauldron.obj
  artifactKey: Guid(99a80b67f45e07042912c13422da887b) Importer(815301076,1909f56bfc062723c751e8b465ee728b)
Start importing Assets/cauldron.obj using Guid(99a80b67f45e07042912c13422da887b) Importer(815301076,1909f56bfc062723c751e8b465ee728b)  -> (artifact id: '50bc04b850d4111a26d871d5c610478a') in 4.476146 seconds
Number of updated asset objects reloaded before import = 0
Number of asset objects unloaded after import = 11
========================================================================
Received Import Request.
  Time since last request: 0.000068 seconds.
  path: Assets/lampPost.obj
  artifactKey: Guid(65f88fb848ce0934e98b1b60f09608ac) Importer(815301076,1909f56bfc062723c751e8b465ee728b)
Start importing Assets/lampPost.obj using Guid(65f88fb848ce0934e98b1b60f09608ac) Importer(815301076,1909f56bfc062723c751e8b465ee728b)  -> (artifact id: 'f7954c7b6c774534b64010ebef963539') in 0.576538 seconds
Number of updated asset objects reloaded before import = 0
Number of asset objects unloaded after import = 11
========================================================================
Received Import Request.
  Time since last request: 0.000061 seconds.
  path: Assets/tileLarge_graveyard.obj
  artifactKey: Guid(5e2ad27f923b7a942a66972664e25496) Importer(815301076,1909f56bfc062723c751e8b465ee728b)
Start importing Assets/tileLarge_graveyard.obj using Guid(5e2ad27f923b7a942a66972664e25496) Importer(815301076,1909f56bfc062723c751e8b465ee728b)  -> (artifact id: '2e5d8d9091ffc12b0a89bd9f3b9c8e17') in 0.156415 seconds
Number of updated asset objects reloaded before import = 0
Number of asset objects unloaded after import = 11
========================================================================
Received Import Request.
  Time since last request: 0.000037 seconds.
  path: Assets/detail_graveyard.obj
  artifactKey: Guid(4fcc8751ff608a9459d86d6c35cc58c8) Importer(815301076,1909f56bfc062723c751e8b465ee728b)
Start importing Assets/detail_graveyard.obj using Guid(4fcc8751ff608a9459d86d6c35cc58c8) Importer(815301076,1909f56bfc062723c751e8b465ee728b)  -> (artifact id: '43608e598dfd0dbbb032c3a177bc64a0') in 0.097016 seconds
Number of updated asset objects reloaded before import = 0
Number of asset objects unloaded after import = 11
========================================================================
Received Import Request.
  Time since last request: 0.000069 seconds.
  path: Assets/candyD.obj
  artifactKey: Guid(1731a74e6d84f2740b2973e0a4f9359d) Importer(815301076,1909f56bfc062723c751e8b465ee728b)
Start importing Assets/candyD.obj using Guid(1731a74e6d84f2740b2973e0a4f9359d) Importer(815301076,1909f56bfc062723c751e8b465ee728b)  -> (artifact id: 'a4bf0fa4ac0fd2137df3f45215477176') in 0.096774 seconds
Number of updated asset objects reloaded before import = 0
Number of asset objects unloaded after import = 11
========================================================================
Received Import Request.
  Time since last request: 0.014444 seconds.
  path: Assets/fencePost.obj
  artifactKey: Guid(24e209b7e17f70948b348e44a2a4ab6c) Importer(815301076,1909f56bfc062723c751e8b465ee728b)
Start importing Assets/fencePost.obj using Guid(24e209b7e17f70948b348e44a2a4ab6c) Importer(815301076,1909f56bfc062723c751e8b465ee728b)  -> (artifact id: 'ee674360a16513ee271f58fcc761c2e1') in 0.093758 seconds
Number of updated asset objects reloaded before import = 0
Number of asset objects unloaded after import = 11
========================================================================
Received Import Request.
  Time since last request: 0.000228 seconds.
  path: Assets/jackolantern_big.obj
  artifactKey: Guid(9230428d5d60a3347817c581aa360180) Importer(815301076,1909f56bfc062723c751e8b465ee728b)
Start importing Assets/jackolantern_big.obj using Guid(9230428d5d60a3347817c581aa360180) Importer(815301076,1909f56bfc062723c751e8b465ee728b)  -> (artifact id: '6457048d13b212ea03451967211626af') in 0.159872 seconds
Number of updated asset objects reloaded before import = 0
Number of asset objects unloaded after import = 11
========================================================================
Received Import Request.
  Time since last request: 0.000071 seconds.
  path: Assets/pathCobbled.obj
  artifactKey: Guid(4a3b9b37986b6ea418ef734abffb7ae9) Importer(815301076,1909f56bfc062723c751e8b465ee728b)
Start importing Assets/pathCobbled.obj using Guid(4a3b9b37986b6ea418ef734abffb7ae9) Importer(815301076,1909f56bfc062723c751e8b465ee728b)  -> (artifact id: '4821d6941e132495fd554e20cfd0542c') in 0.136912 seconds
Number of updated asset objects reloaded before import = 0
Number of asset objects unloaded after import = 11
========================================================================
Received Import Request.
  Time since last request: 0.000435 seconds.
  path: Assets/lollipopB.obj
  artifactKey: Guid(84454b82718684a409bb0ae653dea5c0) Importer(815301076,1909f56bfc062723c751e8b465ee728b)
Start importing Assets/lollipopB.obj using Guid(84454b82718684a409bb0ae653dea5c0) Importer(815301076,1909f56bfc062723c751e8b465ee728b)  -> (artifact id: '7f7129f7b531f66b046dd3ac69dbd4b8') in 0.123694 seconds
Number of updated asset objects reloaded before import = 0
Number of asset objects unloaded after import = 11
========================================================================
Received Import Request.
  Time since last request: 0.000032 seconds.
  path: Assets/tile2x2_graveyard.obj
  artifactKey: Guid(64d0a483b580cb44b8785829cc58248b) Importer(815301076,1909f56bfc062723c751e8b465ee728b)
Start importing Assets/tile2x2_graveyard.obj using Guid(64d0a483b580cb44b8785829cc58248b) Importer(815301076,1909f56bfc062723c751e8b465ee728b)  -> (artifact id: '9f347d5edba206c1b5ef57068c3d1e55') in 0.101531 seconds
Number of updated asset objects reloaded before import = 0
Number of asset objects unloaded after import = 11
========================================================================
Received Import Request.
  Time since last request: 0.000042 seconds.
  path: Assets/candyA.obj
  artifactKey: Guid(e538839149aca4947abf661466af9951) Importer(815301076,1909f56bfc062723c751e8b465ee728b)
Start importing Assets/candyA.obj using Guid(e538839149aca4947abf661466af9951) Importer(815301076,1909f56bfc062723c751e8b465ee728b)  -> (artifact id: '3768c00c9b1dae16ad998e3c6c56e24a') in 0.248358 seconds
Number of updated asset objects reloaded before import = 0
Number of asset objects unloaded after import = 11
========================================================================
Received Import Request.
  Time since last request: 0.000048 seconds.
  path: Assets/candyC.obj
  artifactKey: Guid(e7dcafa02c12879409073bc003e4654c) Importer(815301076,1909f56bfc062723c751e8b465ee728b)
Start importing Assets/candyC.obj using Guid(e7dcafa02c12879409073bc003e4654c) Importer(815301076,1909f56bfc062723c751e8b465ee728b)  -> (artifact id: '59e759fd68d83bbdc4eae6c52d9cf351') in 0.136566 seconds
Number of updated asset objects reloaded before import = 0
Number of asset objects unloaded after import = 11
========================================================================
Received Import Request.
  Time since last request: 0.000632 seconds.
  path: Assets/fenceDouble.obj
  artifactKey: Guid(c50289140182db448a3f3554ee839d9f) Importer(815301076,1909f56bfc062723c751e8b465ee728b)
Start importing Assets/fenceDouble.obj using Guid(c50289140182db448a3f3554ee839d9f) Importer(815301076,1909f56bfc062723c751e8b465ee728b)  -> (artifact id: '88a229ab0004a007ad5f3e1ce6bab5bb') in 0.084397 seconds
Number of updated asset objects reloaded before import = 0
Number of asset objects unloaded after import = 11
========================================================================
Received Import Request.
  Time since last request: 0.000035 seconds.
  path: Assets/candyB.obj
  artifactKey: Guid(65a61672a369a194fb47c5f60a4ff86c) Importer(815301076,1909f56bfc062723c751e8b465ee728b)
Start importing Assets/candyB.obj using Guid(65a61672a369a194fb47c5f60a4ff86c) Importer(815301076,1909f56bfc062723c751e8b465ee728b)  -> (artifact id: '4fb61a708644d1e7f3752624c12cb701') in 0.082766 seconds
Number of updated asset objects reloaded before import = 0
Number of asset objects unloaded after import = 11
========================================================================
Received Import Request.
  Time since last request: 0.000035 seconds.
  path: Assets/coffinA_top.obj
  artifactKey: Guid(4bea0e95604439743adb45e180f29ccf) Importer(815301076,1909f56bfc062723c751e8b465ee728b)
Start importing Assets/coffinA_top.obj using Guid(4bea0e95604439743adb45e180f29ccf) Importer(815301076,1909f56bfc062723c751e8b465ee728b)  -> (artifact id: '544e8a999f1dca56922cabf7f22b814b') in 0.099149 seconds
Number of updated asset objects reloaded before import = 0
Number of asset objects unloaded after import = 11
========================================================================
Received Import Request.
  Time since last request: 0.000520 seconds.
  path: Assets/gravestone.obj
  artifactKey: Guid(bb9df43b8b2ad1042b40ce86c0af365e) Importer(815301076,1909f56bfc062723c751e8b465ee728b)
Start importing Assets/gravestone.obj using Guid(bb9df43b8b2ad1042b40ce86c0af365e) Importer(815301076,1909f56bfc062723c751e8b465ee728b)  -> (artifact id: 'a58349de2ddbc1072c54fc2ea2a80eaa') in 0.118399 seconds
Number of updated asset objects reloaded before import = 0
Number of asset objects unloaded after import = 11
========================================================================
Received Import Request.
  Time since last request: 0.000981 seconds.
  path: Assets/candyBucket.obj
  artifactKey: Guid(e5497c74d4bb32743a89c49ad801d615) Importer(815301076,1909f56bfc062723c751e8b465ee728b)
Start importing Assets/candyBucket.obj using Guid(e5497c74d4bb32743a89c49ad801d615) Importer(815301076,1909f56bfc062723c751e8b465ee728b)  -> (artifact id: '2e3e638980fc69dd7e911065a4d84c65') in 0.102364 seconds
Number of updated asset objects reloaded before import = 0
Number of asset objects unloaded after import = 11
========================================================================
Received Import Request.
  Time since last request: 0.000059 seconds.
  path: Assets/coffinB_top.obj
  artifactKey: Guid(b1066a4ad138fa7458b8846bdc1317e1) Importer(815301076,1909f56bfc062723c751e8b465ee728b)
Start importing Assets/coffinB_top.obj using Guid(b1066a4ad138fa7458b8846bdc1317e1) Importer(815301076,1909f56bfc062723c751e8b465ee728b)  -> (artifact id: '556b792fc336ba68513bbe81651ef759') in 0.129060 seconds
Number of updated asset objects reloaded before import = 0
Number of asset objects unloaded after import = 11
Editor requested this worker to shutdown with reason: Scaling down because of idle timeout
TcpMessagingSession - receive error
AssetImportWorkerClient::OnTransportError - code=2 error=End of file
AssetImportWorker is now disconnected from the server
Process exiting
Exiting without the bug reporter. Application will terminate with return code 0